<html>
<head>
<title>TestNG:  Test1</title>
<link href="../testng.css" rel="stylesheet" type="text/css" />
<link href="../my-testng.css" rel="stylesheet" type="text/css" />

<style type="text/css">
.log { display: none;} 
.stack-trace { display: none;} 
</style>
<script type="text/javascript">
<!--
function flip(e) {
  current = e.style.display;
  if (current == 'block') {
    e.style.display = 'none';
    return 0;
  }
  else {
    e.style.display = 'block';
    return 1;
  }
}

function toggleBox(szDivId, elem, msg1, msg2)
{
  var res = -1;  if (document.getElementById) {
    res = flip(document.getElementById(szDivId));
  }
  else if (document.all) {
    // this is the way old msie versions work
    res = flip(document.all[szDivId]);
  }
  if(elem) {
    if(res == 0) elem.innerHTML = msg1; else elem.innerHTML = msg2;
  }

}

function toggleAllBoxes() {
  if (document.getElementsByTagName) {
    d = document.getElementsByTagName('div');
    for (i = 0; i < d.length; i++) {
      if (d[i].className == 'log') {
        flip(d[i]);
      }
    }
  }
}

// -->
</script>

</head>
<body>
<h2 align='center'>Test1</h2><table border='1' align="center">
<tr>
<td>Tests passed/Failed/Skipped:</td><td>4/3/1</td>
</tr><tr>
<td>Started on:</td><td>Thu Jul 18 11:04:56 IST 2019</td>
</tr>
<tr><td>Total time:</td><td>178 seconds (178176 ms)</td>
</tr><tr>
<td>Included groups:</td><td></td>
</tr><tr>
<td>Excluded groups:</td><td></td>
</tr>
</table><p/>
<small><i>(Hover the method name to see the test class name)</i></small><p/>
<table width='100%' border='1' class='invocation-failed'>
<tr><td colspan='4' align='center'><b>FAILED TESTS</b></td></tr>
<tr><td><b>Test method</b></td>
<td width="30%"><b>Exception</b></td>
<td width="10%"><b>Time (seconds)</b></td>
<td><b>Instance</b></td>
</tr>
<tr>
<td title='datadriven.testscript.TC004_SampleScript.TC004_SampleScript_Test()'><b>TC004_SampleScript_Test</b><br>Test class: datadriven.testscript.TC004_SampleScript<br>Parameters: {alerttext=Customer added successfully, postcode=A234wd, lastname=Arora, runmode=Y, firstname=Raman, ValidationText=XYZ Bank}<br/>
<a href="#Output-480492893" onClick='toggleBox("Output-480492893", this, "Show output", "Hide output");'>Show output</a>

<a href="#Output-480492893" onClick="toggleAllBoxes();">Show all outputs</a>
<div class='log' id="Output-480492893">
Start Test<br/>
Bank Manager Login is found and clicked<br/>
Add Customer Button Found and clicked<br/>
Firstname Element Found and Textbox is filled successfully<br/>
lastname Element Found and Textbox is filled successfully<br/>
postal code Element Found and Textbox is filled successfully<br/>
Add Customer Button Found and clicked<br/>
Click to see Screenshot<br/>
<a target="_blank" href=Thu_Jul_18_11_05_17_IST_2019.jpg>Screenshot</a><br/>
<br><br/>
<br><br/>
<a target="_blank" href=Thu_Jul_18_11_05_17_IST_2019.jpg><img src=Thu_Jul_18_11_05_17_IST_2019.jpg height=200 width=200></img></a><br/>
</div>
</td>
<td><div><pre>java.lang.AssertionError: expected [true] but found [false]
	at datadriven.testscript.TC004_SampleScript.TC004_SampleScript_Test(TC004_SampleScript.java:254)
	at java.util.concurrent.ThreadPoolExecutor.runWorker(ThreadPoolExecutor.java:1149)
	at java.util.concurrent.ThreadPoolExecutor$Worker.run(ThreadPoolExecutor.java:624)
	at java.lang.Thread.run(Thread.java:748)
... Removed 14 stack frames</pre></div><a href='#' onClick='toggleBox("stack-trace480492893", this, "Click to show all stack frames", "Click to hide stack frames")'>Click to show all stack frames</a>
<div class='stack-trace' id='stack-trace480492893'><pre>java.lang.AssertionError: expected [true] but found [false]
	at org.testng.Assert.fail(Assert.java:94)
	at org.testng.Assert.failNotEquals(Assert.java:513)
	at org.testng.Assert.assertTrue(Assert.java:42)
	at org.testng.Assert.assertTrue(Assert.java:52)
	at datadriven.testscript.TC004_SampleScript.TC004_SampleScript_Test(TC004_SampleScript.java:254)
	at sun.reflect.NativeMethodAccessorImpl.invoke0(Native Method)
	at sun.reflect.NativeMethodAccessorImpl.invoke(NativeMethodAccessorImpl.java:62)
	at sun.reflect.DelegatingMethodAccessorImpl.invoke(DelegatingMethodAccessorImpl.java:43)
	at java.lang.reflect.Method.invoke(Method.java:498)
	at org.testng.internal.MethodInvocationHelper.invokeMethod(MethodInvocationHelper.java:86)
	at org.testng.internal.Invoker.invokeMethod(Invoker.java:645)
	at org.testng.internal.Invoker.invokeTestMethod(Invoker.java:822)
	at org.testng.internal.Invoker.invokeTestMethods(Invoker.java:1130)
	at org.testng.internal.TestMethodWorker.invokeTestMethods(TestMethodWorker.java:129)
	at org.testng.internal.TestMethodWorker.run(TestMethodWorker.java:112)
	at java.util.concurrent.ThreadPoolExecutor.runWorker(ThreadPoolExecutor.java:1149)
	at java.util.concurrent.ThreadPoolExecutor$Worker.run(ThreadPoolExecutor.java:624)
	at java.lang.Thread.run(Thread.java:748)
</pre></div></td>
<td>9</td>
<td>datadriven.testscript.TC004_SampleScript@4f2d014a</td></tr>
<tr>
<td title='datadriven.testscript.TC004_SampleScript.TC004_SampleScript_Test()'><b>TC004_SampleScript_Test</b><br>Test class: datadriven.testscript.TC004_SampleScript<br>Parameters: {alerttext=Customer added successfully, postcode=A234wd, lastname=Arora, runmode=Y, firstname=Ishita, ValidationText=XYZ Bank}<br/>
<a href="#Output-782199864" onClick='toggleBox("Output-782199864", this, "Show output", "Hide output");'>Show output</a>

<a href="#Output-782199864" onClick="toggleAllBoxes();">Show all outputs</a>
<div class='log' id="Output-782199864">
Start Test<br/>
Click to see Screenshot<br/>
<a target="_blank" href=Thu_Jul_18_11_06_29_IST_2019.jpg>Screenshot</a><br/>
<br><br/>
<br><br/>
<a target="_blank" href=Thu_Jul_18_11_06_29_IST_2019.jpg><img src=Thu_Jul_18_11_06_29_IST_2019.jpg height=200 width=200></img></a><br/>
</div>
</td>
<td><div><pre>java.lang.AssertionError: expected [true] but found [false]
	at datadriven.testscript.TC004_SampleScript.TC004_SampleScript_Test(TC004_SampleScript.java:133)
	at java.util.concurrent.ThreadPoolExecutor.runWorker(ThreadPoolExecutor.java:1149)
	at java.util.concurrent.ThreadPoolExecutor$Worker.run(ThreadPoolExecutor.java:624)
	at java.lang.Thread.run(Thread.java:748)
... Removed 14 stack frames</pre></div><a href='#' onClick='toggleBox("stack-trace782199864", this, "Click to show all stack frames", "Click to hide stack frames")'>Click to show all stack frames</a>
<div class='stack-trace' id='stack-trace782199864'><pre>java.lang.AssertionError: expected [true] but found [false]
	at org.testng.Assert.fail(Assert.java:94)
	at org.testng.Assert.failNotEquals(Assert.java:513)
	at org.testng.Assert.assertTrue(Assert.java:42)
	at org.testng.Assert.assertTrue(Assert.java:52)
	at datadriven.testscript.TC004_SampleScript.TC004_SampleScript_Test(TC004_SampleScript.java:133)
	at sun.reflect.NativeMethodAccessorImpl.invoke0(Native Method)
	at sun.reflect.NativeMethodAccessorImpl.invoke(NativeMethodAccessorImpl.java:62)
	at sun.reflect.DelegatingMethodAccessorImpl.invoke(DelegatingMethodAccessorImpl.java:43)
	at java.lang.reflect.Method.invoke(Method.java:498)
	at org.testng.internal.MethodInvocationHelper.invokeMethod(MethodInvocationHelper.java:86)
	at org.testng.internal.Invoker.invokeMethod(Invoker.java:645)
	at org.testng.internal.Invoker.invokeTestMethod(Invoker.java:822)
	at org.testng.internal.Invoker.invokeTestMethods(Invoker.java:1130)
	at org.testng.internal.TestMethodWorker.invokeTestMethods(TestMethodWorker.java:129)
	at org.testng.internal.TestMethodWorker.run(TestMethodWorker.java:112)
	at java.util.concurrent.ThreadPoolExecutor.runWorker(ThreadPoolExecutor.java:1149)
	at java.util.concurrent.ThreadPoolExecutor$Worker.run(ThreadPoolExecutor.java:624)
	at java.lang.Thread.run(Thread.java:748)
</pre></div></td>
<td>38</td>
<td>datadriven.testscript.TC004_SampleScript@4f2d014a</td></tr>
<tr>
<td title='datadriven.testscript.TC004_SampleScript.TC004_SampleScript_Test()'><b>TC004_SampleScript_Test</b><br>Test class: datadriven.testscript.TC004_SampleScript<br>Parameters: {alerttext=Customer added successfully, postcode=A234wd, lastname=Sehgal, runmode=Y, firstname=Rohit, ValidationText=XYZ Bank}<br/>
<a href="#Output-641375430" onClick='toggleBox("Output-641375430", this, "Show output", "Hide output");'>Show output</a>

<a href="#Output-641375430" onClick="toggleAllBoxes();">Show all outputs</a>
<div class='log' id="Output-641375430">
Start Test<br/>
Click to see Screenshot<br/>
<a target="_blank" href=Thu_Jul_18_11_07_18_IST_2019.jpg>Screenshot</a><br/>
<br><br/>
<br><br/>
<a target="_blank" href=Thu_Jul_18_11_07_18_IST_2019.jpg><img src=Thu_Jul_18_11_07_18_IST_2019.jpg height=200 width=200></img></a><br/>
</div>
</td>
<td><div><pre>java.lang.AssertionError: expected [true] but found [false]
	at datadriven.testscript.TC004_SampleScript.TC004_SampleScript_Test(TC004_SampleScript.java:133)
	at java.util.concurrent.ThreadPoolExecutor.runWorker(ThreadPoolExecutor.java:1149)
	at java.util.concurrent.ThreadPoolExecutor$Worker.run(ThreadPoolExecutor.java:624)
	at java.lang.Thread.run(Thread.java:748)
... Removed 14 stack frames</pre></div><a href='#' onClick='toggleBox("stack-trace641375430", this, "Click to show all stack frames", "Click to hide stack frames")'>Click to show all stack frames</a>
<div class='stack-trace' id='stack-trace641375430'><pre>java.lang.AssertionError: expected [true] but found [false]
	at org.testng.Assert.fail(Assert.java:94)
	at org.testng.Assert.failNotEquals(Assert.java:513)
	at org.testng.Assert.assertTrue(Assert.java:42)
	at org.testng.Assert.assertTrue(Assert.java:52)
	at datadriven.testscript.TC004_SampleScript.TC004_SampleScript_Test(TC004_SampleScript.java:133)
	at sun.reflect.NativeMethodAccessorImpl.invoke0(Native Method)
	at sun.reflect.NativeMethodAccessorImpl.invoke(NativeMethodAccessorImpl.java:62)
	at sun.reflect.DelegatingMethodAccessorImpl.invoke(DelegatingMethodAccessorImpl.java:43)
	at java.lang.reflect.Method.invoke(Method.java:498)
	at org.testng.internal.MethodInvocationHelper.invokeMethod(MethodInvocationHelper.java:86)
	at org.testng.internal.Invoker.invokeMethod(Invoker.java:645)
	at org.testng.internal.Invoker.invokeTestMethod(Invoker.java:822)
	at org.testng.internal.Invoker.invokeTestMethods(Invoker.java:1130)
	at org.testng.internal.TestMethodWorker.invokeTestMethods(TestMethodWorker.java:129)
	at org.testng.internal.TestMethodWorker.run(TestMethodWorker.java:112)
	at java.util.concurrent.ThreadPoolExecutor.runWorker(ThreadPoolExecutor.java:1149)
	at java.util.concurrent.ThreadPoolExecutor$Worker.run(ThreadPoolExecutor.java:624)
	at java.lang.Thread.run(Thread.java:748)
</pre></div></td>
<td>40</td>
<td>datadriven.testscript.TC004_SampleScript@4f2d014a</td></tr>
</table><p>
<table width='100%' border='1' class='invocation-passed'>
<tr><td colspan='4' align='center'><b>PASSED TESTS</b></td></tr>
<tr><td><b>Test method</b></td>
<td width="30%"><b>Exception</b></td>
<td width="10%"><b>Time (seconds)</b></td>
<td><b>Instance</b></td>
</tr>
<tr>
<td title='datadriven.testscript.TC003_SampleScript.ValidationTest()'><b>ValidationTest</b><br>Test class: datadriven.testscript.TC003_SampleScript<br>Parameters: datadriven.dataprovider.ExcelDataProviderObject@6a1ce155<br/>
<a href="#Output-1181083058" onClick='toggleBox("Output-1181083058", this, "Show output", "Hide output");'>Show output</a>

<a href="#Output-1181083058" onClick="toggleAllBoxes();">Show all outputs</a>
<div class='log' id="Output-1181083058">
Start Test<br/>
Bank Manager Login is found and clicked<br/>
Add Customer Button Found and clicked<br/>
Firstname Element Found and Textbox is filled successfully<br/>
lastname Element Found and Textbox is filled successfully<br/>
postal code Element Found and Textbox is filled successfully<br/>
Add Customer Button Found and clicked<br/>
Alert Text validated<br/>
Click to see Screenshot<br/>
<a target="_blank" href=Thu_Jul_18_11_05_21_IST_2019.jpg>Screenshot</a><br/>
<br><br/>
<br><br/>
<a target="_blank" href=Thu_Jul_18_11_05_21_IST_2019.jpg><img src=Thu_Jul_18_11_05_21_IST_2019.jpg height=200 width=200></img></a><br/>
</div>
</td>
<td></td>
<td>13</td>
<td>datadriven.testscript.TC003_SampleScript@d611f1c</td></tr>
<tr>
<td title='datadriven.testscript.TC003_SampleScript.ValidationTest()'><b>ValidationTest</b><br>Test class: datadriven.testscript.TC003_SampleScript<br>Parameters: datadriven.dataprovider.ExcelDataProviderObject@222049ed<br/>
<a href="#Output-212831862" onClick='toggleBox("Output-212831862", this, "Show output", "Hide output");'>Show output</a>

<a href="#Output-212831862" onClick="toggleAllBoxes();">Show all outputs</a>
<div class='log' id="Output-212831862">
Start Test<br/>
Bank Manager Login is found and clicked<br/>
Add Customer Button Found and clicked<br/>
Firstname Element Found and Textbox is filled successfully<br/>
lastname Element Found and Textbox is filled successfully<br/>
postal code Element Found and Textbox is filled successfully<br/>
Add Customer Button Found and clicked<br/>
Alert Text validated<br/>
Click to see Screenshot<br/>
<a target="_blank" href=Thu_Jul_18_11_06_34_IST_2019.jpg>Screenshot</a><br/>
<br><br/>
<br><br/>
<a target="_blank" href=Thu_Jul_18_11_06_34_IST_2019.jpg><img src=Thu_Jul_18_11_06_34_IST_2019.jpg height=200 width=200></img></a><br/>
</div>
</td>
<td></td>
<td>61</td>
<td>datadriven.testscript.TC003_SampleScript@d611f1c</td></tr>
<tr>
<td title='datadriven.testscript.TC003_SampleScript.ValidationTest()'><b>ValidationTest</b><br>Test class: datadriven.testscript.TC003_SampleScript<br>Parameters: datadriven.dataprovider.ExcelDataProviderObject@c279656<br/>
<a href="#Output-751969074" onClick='toggleBox("Output-751969074", this, "Show output", "Hide output");'>Show output</a>

<a href="#Output-751969074" onClick="toggleAllBoxes();">Show all outputs</a>
<div class='log' id="Output-751969074">
Start Test<br/>
Bank Manager Login is found and clicked<br/>
Add Customer Button Found and clicked<br/>
Firstname Element Found and Textbox is filled successfully<br/>
lastname Element Found and Textbox is filled successfully<br/>
postal code Element Found and Textbox is filled successfully<br/>
Add Customer Button Found and clicked<br/>
Alert Text validated<br/>
Click to see Screenshot<br/>
<a target="_blank" href=Thu_Jul_18_11_07_31_IST_2019.jpg>Screenshot</a><br/>
<br><br/>
<br><br/>
<a target="_blank" href=Thu_Jul_18_11_07_31_IST_2019.jpg><img src=Thu_Jul_18_11_07_31_IST_2019.jpg height=200 width=200></img></a><br/>
</div>
</td>
<td></td>
<td>12</td>
<td>datadriven.testscript.TC003_SampleScript@d611f1c</td></tr>
<tr>
<td title='datadriven.testscript.TC003_SampleScript.ValidationTest()'><b>ValidationTest</b><br>Test class: datadriven.testscript.TC003_SampleScript<br>Parameters: datadriven.dataprovider.ExcelDataProviderObject@2032286e<br/>
<a href="#Output-1267025914" onClick='toggleBox("Output-1267025914", this, "Show output", "Hide output");'>Show output</a>

<a href="#Output-1267025914" onClick="toggleAllBoxes();">Show all outputs</a>
<div class='log' id="Output-1267025914">
Start Test<br/>
Bank Manager Login is found and clicked<br/>
Add Customer Button Found and clicked<br/>
Firstname Element Found and Textbox is filled successfully<br/>
lastname Element Found and Textbox is filled successfully<br/>
postal code Element Found and Textbox is filled successfully<br/>
Add Customer Button Found and clicked<br/>
Alert Text validated<br/>
Click to see Screenshot<br/>
<a target="_blank" href=Thu_Jul_18_11_07_54_IST_2019.jpg>Screenshot</a><br/>
<br><br/>
<br><br/>
<a target="_blank" href=Thu_Jul_18_11_07_54_IST_2019.jpg><img src=Thu_Jul_18_11_07_54_IST_2019.jpg height=200 width=200></img></a><br/>
</div>
</td>
<td></td>
<td>13</td>
<td>datadriven.testscript.TC003_SampleScript@d611f1c</td></tr>
</table><p>
<table width='100%' border='1' class='invocation-skipped'>
<tr><td colspan='4' align='center'><b>SKIPPED TESTS</b></td></tr>
<tr><td><b>Test method</b></td>
<td width="30%"><b>Exception</b></td>
<td width="10%"><b>Time (seconds)</b></td>
<td><b>Instance</b></td>
</tr>
<tr>
<td title='datadriven.testscript.TC004_SampleScript.TC004_SampleScript_Test()'><b>TC004_SampleScript_Test</b><br>Test class: datadriven.testscript.TC004_SampleScript<br>Parameters: {alerttext=Customer added successfully, postcode=A234wd, lastname=Arora, runmode=N, firstname=Rahul, ValidationText=XYZ Bank}</td>
<td><div><pre>org.testng.SkipException: Skipping the test case as the Run mode for data set is NO
	at datadriven.testscript.TC004_SampleScript.TC004_SampleScript_Test(TC004_SampleScript.java:112)
	at java.util.concurrent.ThreadPoolExecutor.runWorker(ThreadPoolExecutor.java:1149)
	at java.util.concurrent.ThreadPoolExecutor$Worker.run(ThreadPoolExecutor.java:624)
	at java.lang.Thread.run(Thread.java:748)
... Removed 10 stack frames</pre></div><a href='#' onClick='toggleBox("stack-trace531903597", this, "Click to show all stack frames", "Click to hide stack frames")'>Click to show all stack frames</a>
<div class='stack-trace' id='stack-trace531903597'><pre>org.testng.SkipException: Skipping the test case as the Run mode for data set is NO
	at datadriven.testscript.TC004_SampleScript.TC004_SampleScript_Test(TC004_SampleScript.java:112)
	at sun.reflect.NativeMethodAccessorImpl.invoke0(Native Method)
	at sun.reflect.NativeMethodAccessorImpl.invoke(NativeMethodAccessorImpl.java:62)
	at sun.reflect.DelegatingMethodAccessorImpl.invoke(DelegatingMethodAccessorImpl.java:43)
	at java.lang.reflect.Method.invoke(Method.java:498)
	at org.testng.internal.MethodInvocationHelper.invokeMethod(MethodInvocationHelper.java:86)
	at org.testng.internal.Invoker.invokeMethod(Invoker.java:645)
	at org.testng.internal.Invoker.invokeTestMethod(Invoker.java:822)
	at org.testng.internal.Invoker.invokeTestMethods(Invoker.java:1130)
	at org.testng.internal.TestMethodWorker.invokeTestMethods(TestMethodWorker.java:129)
	at org.testng.internal.TestMethodWorker.run(TestMethodWorker.java:112)
	at java.util.concurrent.ThreadPoolExecutor.runWorker(ThreadPoolExecutor.java:1149)
	at java.util.concurrent.ThreadPoolExecutor$Worker.run(ThreadPoolExecutor.java:624)
	at java.lang.Thread.run(Thread.java:748)
</pre></div></td>
<td>0</td>
<td>datadriven.testscript.TC004_SampleScript@4f2d014a</td></tr>
</table><p>
</body>
</html>