<?xml version="1.0" encoding="UTF-8"?>
<!-- Generated by org.testng.reporters.JUnitXMLReporter -->
<testsuite ignored="0" hostname="LAPTOP-S7UJHO9I" failures="0" tests="4" name="Test" time="3.885" errors="0" timestamp="2022-12-14T22:42:05 IST">
  <testcase classname="datadriven.testscript.TC003_SampleScript" name="@BeforeMethod BeforeTest" time="3.128">
    <failure type="org.openqa.selenium.SessionNotCreatedException" message="session not created: This version of ChromeDriver only supports Chrome version 95
Current browser version is 107.0.5304.123 with binary path C:\Program Files\Google\Chrome\Application\chrome.exe
Build info: version: &amp;apos;3.141.59&amp;apos;, revision: &amp;apos;e82be7d358&amp;apos;, time: &amp;apos;2018-11-14T08:17:03&amp;apos;
System info: host: &amp;apos;LAPTOP-S7UJHO9I&amp;apos;, ip: &amp;apos;10.0.0.41&amp;apos;, os.name: &amp;apos;Windows 10&amp;apos;, os.arch: &amp;apos;amd64&amp;apos;, os.version: &amp;apos;10.0&amp;apos;, java.version: &amp;apos;11.0.12&amp;apos;
Driver info: driver.version: ChromeDriver
remote stacktrace: Backtrace:
	Ordinal0 [0x00A906F3+2492147]
	Ordinal0 [0x00A29BD1+2071505]
	Ordinal0 [0x00932478+1057912]
	Ordinal0 [0x00950631+1181233]
	Ordinal0 [0x0094C43B+1164347]
	Ordinal0 [0x00949C9F+1154207]
	Ordinal0 [0x00979DFF+1351167]
	Ordinal0 [0x00979A6A+1350250]
	Ordinal0 [0x0097568B+1332875]
	Ordinal0 [0x009521D4+1188308]
	Ordinal0 [0x0095302F+1191983]
	GetHandleVerifier [0x00C167A6+1545030]
	GetHandleVerifier [0x00CC105C+2243580]
	GetHandleVerifier [0x00B1BC97+518199]
	GetHandleVerifier [0x00B1AD80+514336]
	Ordinal0 [0x00A2ED2D+2092333]
	Ordinal0 [0x00A32EE8+2109160]
	Ordinal0 [0x00A33022+2109474]
	Ordinal0 [0x00A3CB71+2149233]
	BaseThreadInitThunk [0x76C5FEF9+25]
	RtlGetAppContainerNamedObjectPath [0x76ED7BBE+286]
	RtlGetAppContainerNamedObjectPath [0x76ED7B8E+238]
">
      <![CDATA[org.openqa.selenium.SessionNotCreatedException: session not created: This version of ChromeDriver only supports Chrome version 95
Current browser version is 107.0.5304.123 with binary path C:\Program Files\Google\Chrome\Application\chrome.exe
Build info: version: '3.141.59', revision: 'e82be7d358', time: '2018-11-14T08:17:03'
System info: host: 'LAPTOP-S7UJHO9I', ip: '10.0.0.41', os.name: 'Windows 10', os.arch: 'amd64', os.version: '10.0', java.version: '11.0.12'
Driver info: driver.version: ChromeDriver
remote stacktrace: Backtrace:
Ordinal0 [0x00A906F3+2492147]
Ordinal0 [0x00A29BD1+2071505]
Ordinal0 [0x00932478+1057912]
Ordinal0 [0x00950631+1181233]
Ordinal0 [0x0094C43B+1164347]
Ordinal0 [0x00949C9F+1154207]
Ordinal0 [0x00979DFF+1351167]
Ordinal0 [0x00979A6A+1350250]
Ordinal0 [0x0097568B+1332875]
Ordinal0 [0x009521D4+1188308]
Ordinal0 [0x0095302F+1191983]
GetHandleVerifier [0x00C167A6+1545030]
GetHandleVerifier [0x00CC105C+2243580]
GetHandleVerifier [0x00B1BC97+518199]
GetHandleVerifier [0x00B1AD80+514336]
Ordinal0 [0x00A2ED2D+2092333]
Ordinal0 [0x00A32EE8+2109160]
Ordinal0 [0x00A33022+2109474]
Ordinal0 [0x00A3CB71+2149233]
BaseThreadInitThunk [0x76C5FEF9+25]
RtlGetAppContainerNamedObjectPath [0x76ED7BBE+286]
RtlGetAppContainerNamedObjectPath [0x76ED7B8E+238]

at org.openqa.selenium.remote.W3CHandshakeResponse.lambda$errorHandler$0(W3CHandshakeResponse.java:62)
at org.openqa.selenium.remote.HandshakeResponse.lambda$getResponseFunction$0(HandshakeResponse.java:30)
at org.openqa.selenium.remote.ProtocolHandshake.lambda$createSession$0(ProtocolHandshake.java:126)
at java.base/java.util.stream.ReferencePipeline$3$1.accept(ReferencePipeline.java:195)
at java.base/java.util.Spliterators$ArraySpliterator.tryAdvance(Spliterators.java:958)
at java.base/java.util.stream.ReferencePipeline.forEachWithCancel(ReferencePipeline.java:127)
at java.base/java.util.stream.AbstractPipeline.copyIntoWithCancel(AbstractPipeline.java:502)
at java.base/java.util.stream.AbstractPipeline.copyInto(AbstractPipeline.java:488)
at java.base/java.util.stream.AbstractPipeline.wrapAndCopyInto(AbstractPipeline.java:474)
at java.base/java.util.stream.FindOps$FindOp.evaluateSequential(FindOps.java:150)
at java.base/java.util.stream.AbstractPipeline.evaluate(AbstractPipeline.java:234)
at java.base/java.util.stream.ReferencePipeline.findFirst(ReferencePipeline.java:543)
at org.openqa.selenium.remote.ProtocolHandshake.createSession(ProtocolHandshake.java:128)
at org.openqa.selenium.remote.ProtocolHandshake.createSession(ProtocolHandshake.java:74)
at org.openqa.selenium.remote.HttpCommandExecutor.execute(HttpCommandExecutor.java:136)
at org.openqa.selenium.remote.service.DriverCommandExecutor.execute(DriverCommandExecutor.java:83)
at org.openqa.selenium.remote.RemoteWebDriver.execute(RemoteWebDriver.java:552)
at org.openqa.selenium.remote.RemoteWebDriver.startSession(RemoteWebDriver.java:213)
at org.openqa.selenium.remote.RemoteWebDriver.<init>(RemoteWebDriver.java:131)
at org.openqa.selenium.chrome.ChromeDriver.<init>(ChromeDriver.java:181)
at org.openqa.selenium.chrome.ChromeDriver.<init>(ChromeDriver.java:168)
at org.openqa.selenium.chrome.ChromeDriver.<init>(ChromeDriver.java:123)
at datadriven.seleniumrepository.SeleniumRepo.startBrowser(SeleniumRepo.java:111)
at datadriven.testscript.TC003_SampleScript.BeforeTest(TC003_SampleScript.java:77)
at java.base/java.util.ArrayList.forEach(ArrayList.java:1541)
... Removed 35 stack frames]]>
    </failure>
  </testcase> <!-- @BeforeMethod BeforeTest -->
  <testcase classname="datadriven.testscript.TC003_SampleScript" name="@AfterMethod AfterTest" time="-1.671037925727E9">
    <skipped/>
  </testcase> <!-- @AfterMethod AfterTest -->
  <testcase classname="datadriven.testscript.TC003_SampleScript" name="@BeforeMethod BeforeTest" time="-1.67103792573E9">
    <skipped/>
  </testcase> <!-- @BeforeMethod BeforeTest -->
  <testcase classname="datadriven.testscript.TC003_SampleScript" name="@AfterMethod AfterTest" time="-1.671037925735E9">
    <skipped/>
  </testcase> <!-- @AfterMethod AfterTest -->
  <testcase classname="datadriven.testscript.TC003_SampleScript" name="@BeforeMethod BeforeTest" time="-1.671037925735E9">
    <skipped/>
  </testcase> <!-- @BeforeMethod BeforeTest -->
  <testcase classname="datadriven.testscript.TC003_SampleScript" name="@AfterMethod AfterTest" time="-1.671037925743E9">
    <skipped/>
  </testcase> <!-- @AfterMethod AfterTest -->
  <testcase classname="datadriven.testscript.TC003_SampleScript" name="@BeforeMethod BeforeTest" time="-1.671037925744E9">
    <skipped/>
  </testcase> <!-- @BeforeMethod BeforeTest -->
  <testcase classname="datadriven.testscript.TC003_SampleScript" name="@AfterMethod AfterTest" time="-1.671037925745E9">
    <skipped/>
  </testcase> <!-- @AfterMethod AfterTest -->
  <testcase classname="datadriven.testscript.TC003_SampleScript" name="@AfterClass teardown" time="-1.671037925745E9">
    <skipped/>
  </testcase> <!-- @AfterClass teardown -->
  <testcase classname="datadriven.testscript.TC003_SampleScript" name="ValidationTest" time="0.0">
    <skipped/>
  </testcase> <!-- ValidationTest -->
  <testcase classname="datadriven.testscript.TC003_SampleScript" name="ValidationTest" time="0.0">
    <skipped/>
  </testcase> <!-- ValidationTest -->
  <testcase classname="datadriven.testscript.TC003_SampleScript" name="ValidationTest" time="0.0">
    <skipped/>
  </testcase> <!-- ValidationTest -->
  <testcase classname="datadriven.testscript.TC003_SampleScript" name="ValidationTest" time="0.0">
    <skipped/>
  </testcase> <!-- ValidationTest -->
</testsuite> <!-- Test -->
