<?xml version="1.0" encoding="UTF-8"?>
<testsuite name="Test"
           tests="13"
           failures="1"
           errors="0"
           skipped="12"
           time="-13083237706.243">
  <properties />
            <testcase name="BeforeTest" time="1.698" classname="datadriven.testscript.TC004_SampleScript">
                <failure type="org.openqa.selenium.WebDriverException"
                  message="unknown error: cannot find Chrome binary
  (Driver info: chromedriver=2.35.528161 (5b82f2d2aae0ca24b877009200ced9065a772e73),platform=Windows NT 10.0.19042 x86_64) (WARNING: The server did not provide any stacktrace information)
Command duration or timeout: 162 milliseconds
Build info: version: &apos;3.141.59&apos;, revision: &apos;e82be7d358&apos;, time: &apos;2018-11-14T08:17:03&apos;
System info: host: &apos;LAPTOP-S7UJHO9I&apos;, ip: &apos;192.168.29.71&apos;, os.name: &apos;Windows 10&apos;, os.arch: &apos;amd64&apos;, os.version: &apos;10.0&apos;, java.version: &apos;11.0.12&apos;
Driver info: driver.version: ChromeDriver"
              >
<![CDATA[org.openqa.selenium.WebDriverException: unknown error: cannot find Chrome binary
  (Driver info: chromedriver=2.35.528161 (5b82f2d2aae0ca24b877009200ced9065a772e73),platform=Windows NT 10.0.19042 x86_64) (WARNING: The server did not provide any stacktrace information)
Command duration or timeout: 162 milliseconds
Build info: version: '3.141.59', revision: 'e82be7d358', time: '2018-11-14T08:17:03'
System info: host: 'LAPTOP-S7UJHO9I', ip: '192.168.29.71', os.name: 'Windows 10', os.arch: 'amd64', os.version: '10.0', java.version: '11.0.12'
Driver info: driver.version: ChromeDriver
  java.base/jdk.internal.reflect.NativeConstructorAccessorImpl.newInstance0(Native Method)
  java.base/jdk.internal.reflect.NativeConstructorAccessorImpl.newInstance(NativeConstructorAccessorImpl.java:62)
  java.base/jdk.internal.reflect.DelegatingConstructorAccessorImpl.newInstance(DelegatingConstructorAccessorImpl.java:45)
  java.base/java.lang.reflect.Constructor.newInstance(Constructor.java:490)
  org.openqa.selenium.remote.ErrorHandler.createThrowable(ErrorHandler.java:214)
  org.openqa.selenium.remote.ErrorHandler.throwIfResponseFailed(ErrorHandler.java:166)
  org.openqa.selenium.remote.JsonWireProtocolResponse.lambda$errorHandler$0(JsonWireProtocolResponse.java:54)
  org.openqa.selenium.remote.HandshakeResponse.lambda$getResponseFunction$0(HandshakeResponse.java:30)
  org.openqa.selenium.remote.ProtocolHandshake.lambda$createSession$0(ProtocolHandshake.java:126)
  java.base/java.util.stream.ReferencePipeline$3$1.accept(ReferencePipeline.java:195)
  java.base/java.util.Spliterators$ArraySpliterator.tryAdvance(Spliterators.java:958)
  java.base/java.util.stream.ReferencePipeline.forEachWithCancel(ReferencePipeline.java:127)
  java.base/java.util.stream.AbstractPipeline.copyIntoWithCancel(AbstractPipeline.java:502)
  java.base/java.util.stream.AbstractPipeline.copyInto(AbstractPipeline.java:488)
  java.base/java.util.stream.AbstractPipeline.wrapAndCopyInto(AbstractPipeline.java:474)
  java.base/java.util.stream.FindOps$FindOp.evaluateSequential(FindOps.java:150)
  java.base/java.util.stream.AbstractPipeline.evaluate(AbstractPipeline.java:234)
  java.base/java.util.stream.ReferencePipeline.findFirst(ReferencePipeline.java:543)
  org.openqa.selenium.remote.ProtocolHandshake.createSession(ProtocolHandshake.java:128)
  org.openqa.selenium.remote.ProtocolHandshake.createSession(ProtocolHandshake.java:74)
  org.openqa.selenium.remote.HttpCommandExecutor.execute(HttpCommandExecutor.java:136)
  org.openqa.selenium.remote.service.DriverCommandExecutor.execute(DriverCommandExecutor.java:83)
  org.openqa.selenium.remote.RemoteWebDriver.execute(RemoteWebDriver.java:552)
  org.openqa.selenium.remote.RemoteWebDriver.startSession(RemoteWebDriver.java:213)
  org.openqa.selenium.remote.RemoteWebDriver.<init>(RemoteWebDriver.java:131)
  org.openqa.selenium.chrome.ChromeDriver.<init>(ChromeDriver.java:181)
  org.openqa.selenium.chrome.ChromeDriver.<init>(ChromeDriver.java:168)
  org.openqa.selenium.chrome.ChromeDriver.<init>(ChromeDriver.java:123)
  datadriven.seleniumrepository.SeleniumRepo.startBrowser(SeleniumRepo.java:111)
  datadriven.testscript.TC004_SampleScript.BeforeTest(TC004_SampleScript.java:82)
  java.base/jdk.internal.reflect.NativeMethodAccessorImpl.invoke0(Native Method)
  java.base/jdk.internal.reflect.NativeMethodAccessorImpl.invoke(NativeMethodAccessorImpl.java:62)
  java.base/jdk.internal.reflect.DelegatingMethodAccessorImpl.invoke(DelegatingMethodAccessorImpl.java:43)
  java.base/java.lang.reflect.Method.invoke(Method.java:566)
  org.testng.internal.MethodInvocationHelper.invokeMethod(MethodInvocationHelper.java:133)
  org.testng.internal.MethodInvocationHelper.invokeMethodConsideringTimeout(MethodInvocationHelper.java:62)
  org.testng.internal.ConfigInvoker.invokeConfigurationMethod(ConfigInvoker.java:385)
  org.testng.internal.ConfigInvoker.invokeConfigurations(ConfigInvoker.java:321)
  org.testng.internal.TestInvoker.runConfigMethods(TestInvoker.java:700)
  org.testng.internal.TestInvoker.invokeMethod(TestInvoker.java:527)
  org.testng.internal.TestInvoker.invokeTestMethod(TestInvoker.java:173)
  org.testng.internal.MethodRunner.runInSequence(MethodRunner.java:46)
  org.testng.internal.TestInvoker$MethodInvocationAgent.invoke(TestInvoker.java:824)
  org.testng.internal.TestInvoker.invokeTestMethods(TestInvoker.java:146)
  org.testng.internal.TestMethodWorker.invokeTestMethods(TestMethodWorker.java:146)
  org.testng.internal.TestMethodWorker.run(TestMethodWorker.java:128)
  java.base/java.util.ArrayList.forEach(ArrayList.java:1541)
  org.testng.TestRunner.privateRun(TestRunner.java:794)
  org.testng.TestRunner.run(TestRunner.java:596)
  org.testng.SuiteRunner.runTest(SuiteRunner.java:377)
  org.testng.SuiteRunner.runSequentially(SuiteRunner.java:371)
  org.testng.SuiteRunner.privateRun(SuiteRunner.java:332)
  org.testng.SuiteRunner.run(SuiteRunner.java:276)
  org.testng.SuiteRunnerWorker.runSuite(SuiteRunnerWorker.java:53)
  org.testng.SuiteRunnerWorker.run(SuiteRunnerWorker.java:96)
  org.testng.TestNG.runSuitesSequentially(TestNG.java:1212)
  org.testng.TestNG.runSuitesLocally(TestNG.java:1134)
  org.testng.TestNG.runSuites(TestNG.java:1063)
  org.testng.TestNG.run(TestNG.java:1031)
  org.testng.remote.AbstractRemoteTestNG.run(AbstractRemoteTestNG.java:115)
  org.testng.remote.RemoteTestNG.initAndRun(RemoteTestNG.java:251)
  org.testng.remote.RemoteTestNG.main(RemoteTestNG.java:77)
]]>
      </failure>

          </testcase>
  
            <testcase name="AfterTest" time="0.0" classname="datadriven.testscript.TC004_SampleScript">
          <skipped />
    </testcase>
            <testcase name="AfterTest" time="0.0" classname="datadriven.testscript.TC004_SampleScript">
          <skipped />
    </testcase>
            <testcase name="AfterTest" time="0.0" classname="datadriven.testscript.TC004_SampleScript">
          <skipped />
    </testcase>
            <testcase name="AfterTest" time="0.0" classname="datadriven.testscript.TC004_SampleScript">
          <skipped />
    </testcase>
            <testcase name="BeforeTest" time="0.0" classname="datadriven.testscript.TC004_SampleScript">
          <skipped />
    </testcase>
            <testcase name="BeforeTest" time="0.0" classname="datadriven.testscript.TC004_SampleScript">
          <skipped />
    </testcase>
            <testcase name="teardown" time="0.0" classname="datadriven.testscript.TC004_SampleScript">
          <skipped />
    </testcase>
            <testcase name="BeforeTest" time="0.0" classname="datadriven.testscript.TC004_SampleScript">
          <skipped />
    </testcase>
            <testcase name="TC004_SampleScript_Test" time="0.0" classname="datadriven.testscript.TC004_SampleScript">
          <skipped />
    </testcase>
            <testcase name="TC004_SampleScript_Test" time="0.0" classname="datadriven.testscript.TC004_SampleScript">
          <skipped />
    </testcase>
            <testcase name="TC004_SampleScript_Test" time="0.0" classname="datadriven.testscript.TC004_SampleScript">
          <skipped />
    </testcase>
            <testcase name="TC004_SampleScript_Test" time="0.0" classname="datadriven.testscript.TC004_SampleScript">
          <skipped />
    </testcase>
  
  
</testsuite>
