<?xml version="1.0" encoding="UTF-8"?>
<testsuite name="Test"
           tests="13"
           failures="1"
           errors="0"
           skipped="12"
           time="-13368303402.776">
  <properties />
            <testcase name="BeforeTest" time="3.128" classname="datadriven.testscript.TC003_SampleScript">
                <failure type="org.openqa.selenium.SessionNotCreatedException"
                  message="session not created: This version of ChromeDriver only supports Chrome version 95
Current browser version is 107.0.5304.123 with binary path C:\Program Files\Google\Chrome\Application\chrome.exe
Build info: version: &apos;3.141.59&apos;, revision: &apos;e82be7d358&apos;, time: &apos;2018-11-14T08:17:03&apos;
System info: host: &apos;LAPTOP-S7UJHO9I&apos;, ip: &apos;10.0.0.41&apos;, os.name: &apos;Windows 10&apos;, os.arch: &apos;amd64&apos;, os.version: &apos;10.0&apos;, java.version: &apos;11.0.12&apos;
Driver info: driver.version: ChromeDriver
remote stacktrace: Backtrace:
	Ordinal0 [0x00A906F3+2492147]
	Ordinal0 [0x00A29BD1+2071505]
	Ordinal0 [0x00932478+1057912]
	Ordinal0 [0x00950631+1181233]
	Ordinal0 [0x0094C43B+1164347]
	Ordinal0 [0x00949C9F+1154207]
	Ordinal0 [0x00979DFF+1351167]
	Ordinal0 [0x00979A6A+1350250]
	Ordinal0 [0x0097568B+1332875]
	Ordinal0 [0x009521D4+1188308]
	Ordinal0 [0x0095302F+1191983]
	GetHandleVerifier [0x00C167A6+1545030]
	GetHandleVerifier [0x00CC105C+2243580]
	GetHandleVerifier [0x00B1BC97+518199]
	GetHandleVerifier [0x00B1AD80+514336]
	Ordinal0 [0x00A2ED2D+2092333]
	Ordinal0 [0x00A32EE8+2109160]
	Ordinal0 [0x00A33022+2109474]
	Ordinal0 [0x00A3CB71+2149233]
	BaseThreadInitThunk [0x76C5FEF9+25]
	RtlGetAppContainerNamedObjectPath [0x76ED7BBE+286]
	RtlGetAppContainerNamedObjectPath [0x76ED7B8E+238]
"
              >
<![CDATA[org.openqa.selenium.SessionNotCreatedException: session not created: This version of ChromeDriver only supports Chrome version 95
Current browser version is 107.0.5304.123 with binary path C:\Program Files\Google\Chrome\Application\chrome.exe
Build info: version: '3.141.59', revision: 'e82be7d358', time: '2018-11-14T08:17:03'
System info: host: 'LAPTOP-S7UJHO9I', ip: '10.0.0.41', os.name: 'Windows 10', os.arch: 'amd64', os.version: '10.0', java.version: '11.0.12'
Driver info: driver.version: ChromeDriver
remote stacktrace: Backtrace:
	Ordinal0 [0x00A906F3+2492147]
	Ordinal0 [0x00A29BD1+2071505]
	Ordinal0 [0x00932478+1057912]
	Ordinal0 [0x00950631+1181233]
	Ordinal0 [0x0094C43B+1164347]
	Ordinal0 [0x00949C9F+1154207]
	Ordinal0 [0x00979DFF+1351167]
	Ordinal0 [0x00979A6A+1350250]
	Ordinal0 [0x0097568B+1332875]
	Ordinal0 [0x009521D4+1188308]
	Ordinal0 [0x0095302F+1191983]
	GetHandleVerifier [0x00C167A6+1545030]
	GetHandleVerifier [0x00CC105C+2243580]
	GetHandleVerifier [0x00B1BC97+518199]
	GetHandleVerifier [0x00B1AD80+514336]
	Ordinal0 [0x00A2ED2D+2092333]
	Ordinal0 [0x00A32EE8+2109160]
	Ordinal0 [0x00A33022+2109474]
	Ordinal0 [0x00A3CB71+2149233]
	BaseThreadInitThunk [0x76C5FEF9+25]
	RtlGetAppContainerNamedObjectPath [0x76ED7BBE+286]
	RtlGetAppContainerNamedObjectPath [0x76ED7B8E+238]

  java.base/jdk.internal.reflect.NativeConstructorAccessorImpl.newInstance0(Native Method)
  java.base/jdk.internal.reflect.NativeConstructorAccessorImpl.newInstance(NativeConstructorAccessorImpl.java:62)
  java.base/jdk.internal.reflect.DelegatingConstructorAccessorImpl.newInstance(DelegatingConstructorAccessorImpl.java:45)
  java.base/java.lang.reflect.Constructor.newInstance(Constructor.java:490)
  org.openqa.selenium.remote.W3CHandshakeResponse.lambda$errorHandler$0(W3CHandshakeResponse.java:62)
  org.openqa.selenium.remote.HandshakeResponse.lambda$getResponseFunction$0(HandshakeResponse.java:30)
  org.openqa.selenium.remote.ProtocolHandshake.lambda$createSession$0(ProtocolHandshake.java:126)
  java.base/java.util.stream.ReferencePipeline$3$1.accept(ReferencePipeline.java:195)
  java.base/java.util.Spliterators$ArraySpliterator.tryAdvance(Spliterators.java:958)
  java.base/java.util.stream.ReferencePipeline.forEachWithCancel(ReferencePipeline.java:127)
  java.base/java.util.stream.AbstractPipeline.copyIntoWithCancel(AbstractPipeline.java:502)
  java.base/java.util.stream.AbstractPipeline.copyInto(AbstractPipeline.java:488)
  java.base/java.util.stream.AbstractPipeline.wrapAndCopyInto(AbstractPipeline.java:474)
  java.base/java.util.stream.FindOps$FindOp.evaluateSequential(FindOps.java:150)
  java.base/java.util.stream.AbstractPipeline.evaluate(AbstractPipeline.java:234)
  java.base/java.util.stream.ReferencePipeline.findFirst(ReferencePipeline.java:543)
  org.openqa.selenium.remote.ProtocolHandshake.createSession(ProtocolHandshake.java:128)
  org.openqa.selenium.remote.ProtocolHandshake.createSession(ProtocolHandshake.java:74)
  org.openqa.selenium.remote.HttpCommandExecutor.execute(HttpCommandExecutor.java:136)
  org.openqa.selenium.remote.service.DriverCommandExecutor.execute(DriverCommandExecutor.java:83)
  org.openqa.selenium.remote.RemoteWebDriver.execute(RemoteWebDriver.java:552)
  org.openqa.selenium.remote.RemoteWebDriver.startSession(RemoteWebDriver.java:213)
  org.openqa.selenium.remote.RemoteWebDriver.<init>(RemoteWebDriver.java:131)
  org.openqa.selenium.chrome.ChromeDriver.<init>(ChromeDriver.java:181)
  org.openqa.selenium.chrome.ChromeDriver.<init>(ChromeDriver.java:168)
  org.openqa.selenium.chrome.ChromeDriver.<init>(ChromeDriver.java:123)
  datadriven.seleniumrepository.SeleniumRepo.startBrowser(SeleniumRepo.java:111)
  datadriven.testscript.TC003_SampleScript.BeforeTest(TC003_SampleScript.java:77)
  java.base/jdk.internal.reflect.NativeMethodAccessorImpl.invoke0(Native Method)
  java.base/jdk.internal.reflect.NativeMethodAccessorImpl.invoke(NativeMethodAccessorImpl.java:62)
  java.base/jdk.internal.reflect.DelegatingMethodAccessorImpl.invoke(DelegatingMethodAccessorImpl.java:43)
  java.base/java.lang.reflect.Method.invoke(Method.java:566)
  org.testng.internal.MethodInvocationHelper.invokeMethod(MethodInvocationHelper.java:133)
  org.testng.internal.MethodInvocationHelper.invokeMethodConsideringTimeout(MethodInvocationHelper.java:62)
  org.testng.internal.ConfigInvoker.invokeConfigurationMethod(ConfigInvoker.java:385)
  org.testng.internal.ConfigInvoker.invokeConfigurations(ConfigInvoker.java:321)
  org.testng.internal.TestInvoker.runConfigMethods(TestInvoker.java:700)
  org.testng.internal.TestInvoker.invokeMethod(TestInvoker.java:527)
  org.testng.internal.TestInvoker.invokeTestMethod(TestInvoker.java:173)
  org.testng.internal.MethodRunner.runInSequence(MethodRunner.java:46)
  org.testng.internal.TestInvoker$MethodInvocationAgent.invoke(TestInvoker.java:824)
  org.testng.internal.TestInvoker.invokeTestMethods(TestInvoker.java:146)
  org.testng.internal.TestMethodWorker.invokeTestMethods(TestMethodWorker.java:146)
  org.testng.internal.TestMethodWorker.run(TestMethodWorker.java:128)
  java.base/java.util.ArrayList.forEach(ArrayList.java:1541)
  org.testng.TestRunner.privateRun(TestRunner.java:794)
  org.testng.TestRunner.run(TestRunner.java:596)
  org.testng.SuiteRunner.runTest(SuiteRunner.java:377)
  org.testng.SuiteRunner.runSequentially(SuiteRunner.java:371)
  org.testng.SuiteRunner.privateRun(SuiteRunner.java:332)
  org.testng.SuiteRunner.run(SuiteRunner.java:276)
  org.testng.SuiteRunnerWorker.runSuite(SuiteRunnerWorker.java:53)
  org.testng.SuiteRunnerWorker.run(SuiteRunnerWorker.java:96)
  org.testng.TestNG.runSuitesSequentially(TestNG.java:1212)
  org.testng.TestNG.runSuitesLocally(TestNG.java:1134)
  org.testng.TestNG.runSuites(TestNG.java:1063)
  org.testng.TestNG.run(TestNG.java:1031)
  org.testng.remote.AbstractRemoteTestNG.run(AbstractRemoteTestNG.java:115)
  org.testng.remote.RemoteTestNG.initAndRun(RemoteTestNG.java:251)
  org.testng.remote.RemoteTestNG.main(RemoteTestNG.java:77)
]]>
      </failure>

          </testcase>
  
            <testcase name="BeforeTest" time="0.0" classname="datadriven.testscript.TC003_SampleScript">
          <skipped />
    </testcase>
            <testcase name="AfterTest" time="0.0" classname="datadriven.testscript.TC003_SampleScript">
          <skipped />
    </testcase>
            <testcase name="BeforeTest" time="0.0" classname="datadriven.testscript.TC003_SampleScript">
          <skipped />
    </testcase>
            <testcase name="AfterTest" time="0.0" classname="datadriven.testscript.TC003_SampleScript">
          <skipped />
    </testcase>
            <testcase name="AfterTest" time="0.0" classname="datadriven.testscript.TC003_SampleScript">
          <skipped />
    </testcase>
            <testcase name="teardown" time="0.0" classname="datadriven.testscript.TC003_SampleScript">
          <skipped />
    </testcase>
            <testcase name="AfterTest" time="0.0" classname="datadriven.testscript.TC003_SampleScript">
          <skipped />
    </testcase>
            <testcase name="BeforeTest" time="0.0" classname="datadriven.testscript.TC003_SampleScript">
          <skipped />
    </testcase>
            <testcase name="ValidationTest" time="0.0" classname="datadriven.testscript.TC003_SampleScript">
          <skipped />
    </testcase>
            <testcase name="ValidationTest" time="0.0" classname="datadriven.testscript.TC003_SampleScript">
          <skipped />
    </testcase>
            <testcase name="ValidationTest" time="0.0" classname="datadriven.testscript.TC003_SampleScript">
          <skipped />
    </testcase>
            <testcase name="ValidationTest" time="0.0" classname="datadriven.testscript.TC003_SampleScript">
          <skipped />
    </testcase>
  
  
</testsuite>
