<!DOCTYPE html PUBLIC "-//W3C//DTD XHTML 1.1//EN" "https://www.w3.org/TR/xhtml11/DTD/xhtml11.dtd">
<html xmlns="https://www.w3.org/1999/xhtml">
<head>
<meta http-equiv="content-type" content="text/html; charset=UTF-8"/>
<title>TestNG Report</title>
<style type="text/css">table {margin-bottom:10px;border-collapse:collapse;empty-cells:show}th,td {border:1px solid #009;padding:.25em .5em}th {vertical-align:bottom}td {vertical-align:top}table a {font-weight:bold}.stripe td {background-color: #E6EBF9}.num {text-align:right}.passedodd td {background-color: #3F3}.passedeven td {background-color: #0A0}.skippedodd td {background-color: #DDD}.skippedeven td {background-color: #CCC}.failedodd td,.attn {background-color: #F33}.failedeven td,.stripe .attn {background-color: #D00}.stacktrace {white-space:pre;font-family:monospace}.totop {font-size:85%;text-align:center;border-bottom:2px solid #000}.invisible {display:none}</style>
</head>
<body>
<table>
<tr><th>Test</th><th># Passed</th><th># Skipped</th><th># Retried</th><th># Failed</th><th>Time (ms)</th><th>Included Groups</th><th>Excluded Groups</th></tr>
<tr><th colspan="8">Suite</th></tr>
<tr><td><a href="#t0">Test</a></td><td class="num">0</td><td class="num attn">4</td><td class="num">0</td><td class="num">0</td><td class="num">3,885</td><td></td><td></td></tr>
</table>
<table id='summary'><thead><tr><th>Class</th><th>Method</th><th>Start</th><th>Time (ms)</th></tr></thead><tbody><tr><th colspan="4">Suite</th></tr></tbody><tbody id="t0"><tr><th colspan="4">Test &#8212; failed (configuration methods)</th></tr><tr class="failedeven"><td rowspan="1">datadriven.testscript.TC003_SampleScript</td><td><a href="#m0">BeforeTest</a></td><td rowspan="1">1671037922561</td><td rowspan="1">3128</td></tr><tr><th colspan="4">Test &#8212; skipped (configuration methods)</th></tr><tr class="skippedeven"><td rowspan="8">datadriven.testscript.TC003_SampleScript</td><td><a href="#m1">AfterTest</a></td><td rowspan="4">1671037925743</td><td rowspan="4">-1671037925743</td></tr><tr class="skippedeven"><td><a href="#m2">AfterTest</a></td></tr><tr class="skippedeven"><td><a href="#m3">AfterTest</a></td></tr><tr class="skippedeven"><td><a href="#m4">AfterTest</a></td></tr><tr class="skippedeven"><td><a href="#m5">BeforeTest</a></td><td rowspan="3">1671037925735</td><td rowspan="3">-1671037925735</td></tr><tr class="skippedeven"><td><a href="#m6">BeforeTest</a></td></tr><tr class="skippedeven"><td><a href="#m7">BeforeTest</a></td></tr><tr class="skippedeven"><td><a href="#m8">teardown</a></td><td rowspan="1">1671037925745</td><td rowspan="1">-1671037925745</td></tr><tr><th colspan="4">Test &#8212; skipped</th></tr><tr class="skippedeven"><td rowspan="4">datadriven.testscript.TC003_SampleScript</td><td><a href="#m9">ValidationTest</a></td><td rowspan="4">1671037925708</td><td rowspan="4">0</td></tr><tr class="skippedeven"><td><a href="#m10">ValidationTest</a></td></tr><tr class="skippedeven"><td><a href="#m11">ValidationTest</a></td></tr><tr class="skippedeven"><td><a href="#m12">ValidationTest</a></td></tr></tbody>
</table>
<h2>Test</h2><h3 id="m0">datadriven.testscript.TC003_SampleScript#BeforeTest</h3><table class="result"><tr><th>Messages</th></tr><tr><td><div class="messages">*************Inside Sample Test********************</div></td></tr><tr><th>Exception</th></tr><tr><td><div class="stacktrace">org.openqa.selenium.SessionNotCreatedException: session not created: This version of ChromeDriver only supports Chrome version 95
Current browser version is 107.0.5304.123 with binary path C:\Program Files\Google\Chrome\Application\chrome.exe
Build info: version: &apos;3.141.59&apos;, revision: &apos;e82be7d358&apos;, time: &apos;2018-11-14T08:17:03&apos;
System info: host: &apos;LAPTOP-S7UJHO9I&apos;, ip: &apos;10.0.0.41&apos;, os.name: &apos;Windows 10&apos;, os.arch: &apos;amd64&apos;, os.version: &apos;10.0&apos;, java.version: &apos;11.0.12&apos;
Driver info: driver.version: ChromeDriver
remote stacktrace: Backtrace:
	Ordinal0 [0x00A906F3+2492147]
	Ordinal0 [0x00A29BD1+2071505]
	Ordinal0 [0x00932478+1057912]
	Ordinal0 [0x00950631+1181233]
	Ordinal0 [0x0094C43B+1164347]
	Ordinal0 [0x00949C9F+1154207]
	Ordinal0 [0x00979DFF+1351167]
	Ordinal0 [0x00979A6A+1350250]
	Ordinal0 [0x0097568B+1332875]
	Ordinal0 [0x009521D4+1188308]
	Ordinal0 [0x0095302F+1191983]
	GetHandleVerifier [0x00C167A6+1545030]
	GetHandleVerifier [0x00CC105C+2243580]
	GetHandleVerifier [0x00B1BC97+518199]
	GetHandleVerifier [0x00B1AD80+514336]
	Ordinal0 [0x00A2ED2D+2092333]
	Ordinal0 [0x00A32EE8+2109160]
	Ordinal0 [0x00A33022+2109474]
	Ordinal0 [0x00A3CB71+2149233]
	BaseThreadInitThunk [0x76C5FEF9+25]
	RtlGetAppContainerNamedObjectPath [0x76ED7BBE+286]
	RtlGetAppContainerNamedObjectPath [0x76ED7B8E+238]

	at org.openqa.selenium.remote.W3CHandshakeResponse.lambda$errorHandler$0(W3CHandshakeResponse.java:62)
	at org.openqa.selenium.remote.HandshakeResponse.lambda$getResponseFunction$0(HandshakeResponse.java:30)
	at org.openqa.selenium.remote.ProtocolHandshake.lambda$createSession$0(ProtocolHandshake.java:126)
	at java.base/java.util.stream.ReferencePipeline$3$1.accept(ReferencePipeline.java:195)
	at java.base/java.util.Spliterators$ArraySpliterator.tryAdvance(Spliterators.java:958)
	at java.base/java.util.stream.ReferencePipeline.forEachWithCancel(ReferencePipeline.java:127)
	at java.base/java.util.stream.AbstractPipeline.copyIntoWithCancel(AbstractPipeline.java:502)
	at java.base/java.util.stream.AbstractPipeline.copyInto(AbstractPipeline.java:488)
	at java.base/java.util.stream.AbstractPipeline.wrapAndCopyInto(AbstractPipeline.java:474)
	at java.base/java.util.stream.FindOps$FindOp.evaluateSequential(FindOps.java:150)
	at java.base/java.util.stream.AbstractPipeline.evaluate(AbstractPipeline.java:234)
	at java.base/java.util.stream.ReferencePipeline.findFirst(ReferencePipeline.java:543)
	at org.openqa.selenium.remote.ProtocolHandshake.createSession(ProtocolHandshake.java:128)
	at org.openqa.selenium.remote.ProtocolHandshake.createSession(ProtocolHandshake.java:74)
	at org.openqa.selenium.remote.HttpCommandExecutor.execute(HttpCommandExecutor.java:136)
	at org.openqa.selenium.remote.service.DriverCommandExecutor.execute(DriverCommandExecutor.java:83)
	at org.openqa.selenium.remote.RemoteWebDriver.execute(RemoteWebDriver.java:552)
	at org.openqa.selenium.remote.RemoteWebDriver.startSession(RemoteWebDriver.java:213)
	at org.openqa.selenium.remote.RemoteWebDriver.&lt;init&gt;(RemoteWebDriver.java:131)
	at org.openqa.selenium.chrome.ChromeDriver.&lt;init&gt;(ChromeDriver.java:181)
	at org.openqa.selenium.chrome.ChromeDriver.&lt;init&gt;(ChromeDriver.java:168)
	at org.openqa.selenium.chrome.ChromeDriver.&lt;init&gt;(ChromeDriver.java:123)
	at datadriven.seleniumrepository.SeleniumRepo.startBrowser(SeleniumRepo.java:111)
	at datadriven.testscript.TC003_SampleScript.BeforeTest(TC003_SampleScript.java:77)
	at java.base/java.util.ArrayList.forEach(ArrayList.java:1541)
... Removed 35 stack frames</div></td></tr></table><p class="totop"><a href="#summary">back to summary</a></p>
<h3 id="m1">datadriven.testscript.TC003_SampleScript#AfterTest</h3><table class="result"><tr><th class="invisible"/></tr></table><p class="totop"><a href="#summary">back to summary</a></p>
<h3 id="m2">datadriven.testscript.TC003_SampleScript#AfterTest</h3><table class="result"><tr><th class="invisible"/></tr></table><p class="totop"><a href="#summary">back to summary</a></p>
<h3 id="m3">datadriven.testscript.TC003_SampleScript#AfterTest</h3><table class="result"><tr><th class="invisible"/></tr></table><p class="totop"><a href="#summary">back to summary</a></p>
<h3 id="m4">datadriven.testscript.TC003_SampleScript#AfterTest</h3><table class="result"><tr><th class="invisible"/></tr></table><p class="totop"><a href="#summary">back to summary</a></p>
<h3 id="m5">datadriven.testscript.TC003_SampleScript#BeforeTest</h3><table class="result"><tr><th class="invisible"/></tr></table><p class="totop"><a href="#summary">back to summary</a></p>
<h3 id="m6">datadriven.testscript.TC003_SampleScript#BeforeTest</h3><table class="result"><tr><th class="invisible"/></tr></table><p class="totop"><a href="#summary">back to summary</a></p>
<h3 id="m7">datadriven.testscript.TC003_SampleScript#BeforeTest</h3><table class="result"><tr><th class="invisible"/></tr></table><p class="totop"><a href="#summary">back to summary</a></p>
<h3 id="m8">datadriven.testscript.TC003_SampleScript#teardown</h3><table class="result"><tr><th class="invisible"/></tr></table><p class="totop"><a href="#summary">back to summary</a></p>
<h3 id="m9">datadriven.testscript.TC003_SampleScript#ValidationTest</h3><table class="result"><tr class="param"><th>Parameter #1</th></tr><tr class="param stripe"><td>datadriven.dataprovider.ExcelDataProviderObject@648b4b14</td></tr><tr><th>Exception</th></tr><tr><td><div class="stacktrace">org.openqa.selenium.SessionNotCreatedException: session not created: This version of ChromeDriver only supports Chrome version 95
Current browser version is 107.0.5304.123 with binary path C:\Program Files\Google\Chrome\Application\chrome.exe
Build info: version: &apos;3.141.59&apos;, revision: &apos;e82be7d358&apos;, time: &apos;2018-11-14T08:17:03&apos;
System info: host: &apos;LAPTOP-S7UJHO9I&apos;, ip: &apos;10.0.0.41&apos;, os.name: &apos;Windows 10&apos;, os.arch: &apos;amd64&apos;, os.version: &apos;10.0&apos;, java.version: &apos;11.0.12&apos;
Driver info: driver.version: ChromeDriver
remote stacktrace: Backtrace:
	Ordinal0 [0x00A906F3+2492147]
	Ordinal0 [0x00A29BD1+2071505]
	Ordinal0 [0x00932478+1057912]
	Ordinal0 [0x00950631+1181233]
	Ordinal0 [0x0094C43B+1164347]
	Ordinal0 [0x00949C9F+1154207]
	Ordinal0 [0x00979DFF+1351167]
	Ordinal0 [0x00979A6A+1350250]
	Ordinal0 [0x0097568B+1332875]
	Ordinal0 [0x009521D4+1188308]
	Ordinal0 [0x0095302F+1191983]
	GetHandleVerifier [0x00C167A6+1545030]
	GetHandleVerifier [0x00CC105C+2243580]
	GetHandleVerifier [0x00B1BC97+518199]
	GetHandleVerifier [0x00B1AD80+514336]
	Ordinal0 [0x00A2ED2D+2092333]
	Ordinal0 [0x00A32EE8+2109160]
	Ordinal0 [0x00A33022+2109474]
	Ordinal0 [0x00A3CB71+2149233]
	BaseThreadInitThunk [0x76C5FEF9+25]
	RtlGetAppContainerNamedObjectPath [0x76ED7BBE+286]
	RtlGetAppContainerNamedObjectPath [0x76ED7B8E+238]

	at org.openqa.selenium.remote.W3CHandshakeResponse.lambda$errorHandler$0(W3CHandshakeResponse.java:62)
	at org.openqa.selenium.remote.HandshakeResponse.lambda$getResponseFunction$0(HandshakeResponse.java:30)
	at org.openqa.selenium.remote.ProtocolHandshake.lambda$createSession$0(ProtocolHandshake.java:126)
	at java.base/java.util.stream.ReferencePipeline$3$1.accept(ReferencePipeline.java:195)
	at java.base/java.util.Spliterators$ArraySpliterator.tryAdvance(Spliterators.java:958)
	at java.base/java.util.stream.ReferencePipeline.forEachWithCancel(ReferencePipeline.java:127)
	at java.base/java.util.stream.AbstractPipeline.copyIntoWithCancel(AbstractPipeline.java:502)
	at java.base/java.util.stream.AbstractPipeline.copyInto(AbstractPipeline.java:488)
	at java.base/java.util.stream.AbstractPipeline.wrapAndCopyInto(AbstractPipeline.java:474)
	at java.base/java.util.stream.FindOps$FindOp.evaluateSequential(FindOps.java:150)
	at java.base/java.util.stream.AbstractPipeline.evaluate(AbstractPipeline.java:234)
	at java.base/java.util.stream.ReferencePipeline.findFirst(ReferencePipeline.java:543)
	at org.openqa.selenium.remote.ProtocolHandshake.createSession(ProtocolHandshake.java:128)
	at org.openqa.selenium.remote.ProtocolHandshake.createSession(ProtocolHandshake.java:74)
	at org.openqa.selenium.remote.HttpCommandExecutor.execute(HttpCommandExecutor.java:136)
	at org.openqa.selenium.remote.service.DriverCommandExecutor.execute(DriverCommandExecutor.java:83)
	at org.openqa.selenium.remote.RemoteWebDriver.execute(RemoteWebDriver.java:552)
	at org.openqa.selenium.remote.RemoteWebDriver.startSession(RemoteWebDriver.java:213)
	at org.openqa.selenium.remote.RemoteWebDriver.&lt;init&gt;(RemoteWebDriver.java:131)
	at org.openqa.selenium.chrome.ChromeDriver.&lt;init&gt;(ChromeDriver.java:181)
	at org.openqa.selenium.chrome.ChromeDriver.&lt;init&gt;(ChromeDriver.java:168)
	at org.openqa.selenium.chrome.ChromeDriver.&lt;init&gt;(ChromeDriver.java:123)
	at datadriven.seleniumrepository.SeleniumRepo.startBrowser(SeleniumRepo.java:111)
	at datadriven.testscript.TC003_SampleScript.BeforeTest(TC003_SampleScript.java:77)
	at java.base/java.util.ArrayList.forEach(ArrayList.java:1541)
... Removed 35 stack frames</div></td></tr></table><p class="totop"><a href="#summary">back to summary</a></p>
<h3 id="m10">datadriven.testscript.TC003_SampleScript#ValidationTest</h3><table class="result"><tr class="param"><th>Parameter #1</th></tr><tr class="param stripe"><td>datadriven.dataprovider.ExcelDataProviderObject@3ae866ee</td></tr><tr><th>Exception</th></tr><tr><td><div class="stacktrace">org.openqa.selenium.SessionNotCreatedException: session not created: This version of ChromeDriver only supports Chrome version 95
Current browser version is 107.0.5304.123 with binary path C:\Program Files\Google\Chrome\Application\chrome.exe
Build info: version: &apos;3.141.59&apos;, revision: &apos;e82be7d358&apos;, time: &apos;2018-11-14T08:17:03&apos;
System info: host: &apos;LAPTOP-S7UJHO9I&apos;, ip: &apos;10.0.0.41&apos;, os.name: &apos;Windows 10&apos;, os.arch: &apos;amd64&apos;, os.version: &apos;10.0&apos;, java.version: &apos;11.0.12&apos;
Driver info: driver.version: ChromeDriver
remote stacktrace: Backtrace:
	Ordinal0 [0x00A906F3+2492147]
	Ordinal0 [0x00A29BD1+2071505]
	Ordinal0 [0x00932478+1057912]
	Ordinal0 [0x00950631+1181233]
	Ordinal0 [0x0094C43B+1164347]
	Ordinal0 [0x00949C9F+1154207]
	Ordinal0 [0x00979DFF+1351167]
	Ordinal0 [0x00979A6A+1350250]
	Ordinal0 [0x0097568B+1332875]
	Ordinal0 [0x009521D4+1188308]
	Ordinal0 [0x0095302F+1191983]
	GetHandleVerifier [0x00C167A6+1545030]
	GetHandleVerifier [0x00CC105C+2243580]
	GetHandleVerifier [0x00B1BC97+518199]
	GetHandleVerifier [0x00B1AD80+514336]
	Ordinal0 [0x00A2ED2D+2092333]
	Ordinal0 [0x00A32EE8+2109160]
	Ordinal0 [0x00A33022+2109474]
	Ordinal0 [0x00A3CB71+2149233]
	BaseThreadInitThunk [0x76C5FEF9+25]
	RtlGetAppContainerNamedObjectPath [0x76ED7BBE+286]
	RtlGetAppContainerNamedObjectPath [0x76ED7B8E+238]

	at org.openqa.selenium.remote.W3CHandshakeResponse.lambda$errorHandler$0(W3CHandshakeResponse.java:62)
	at org.openqa.selenium.remote.HandshakeResponse.lambda$getResponseFunction$0(HandshakeResponse.java:30)
	at org.openqa.selenium.remote.ProtocolHandshake.lambda$createSession$0(ProtocolHandshake.java:126)
	at java.base/java.util.stream.ReferencePipeline$3$1.accept(ReferencePipeline.java:195)
	at java.base/java.util.Spliterators$ArraySpliterator.tryAdvance(Spliterators.java:958)
	at java.base/java.util.stream.ReferencePipeline.forEachWithCancel(ReferencePipeline.java:127)
	at java.base/java.util.stream.AbstractPipeline.copyIntoWithCancel(AbstractPipeline.java:502)
	at java.base/java.util.stream.AbstractPipeline.copyInto(AbstractPipeline.java:488)
	at java.base/java.util.stream.AbstractPipeline.wrapAndCopyInto(AbstractPipeline.java:474)
	at java.base/java.util.stream.FindOps$FindOp.evaluateSequential(FindOps.java:150)
	at java.base/java.util.stream.AbstractPipeline.evaluate(AbstractPipeline.java:234)
	at java.base/java.util.stream.ReferencePipeline.findFirst(ReferencePipeline.java:543)
	at org.openqa.selenium.remote.ProtocolHandshake.createSession(ProtocolHandshake.java:128)
	at org.openqa.selenium.remote.ProtocolHandshake.createSession(ProtocolHandshake.java:74)
	at org.openqa.selenium.remote.HttpCommandExecutor.execute(HttpCommandExecutor.java:136)
	at org.openqa.selenium.remote.service.DriverCommandExecutor.execute(DriverCommandExecutor.java:83)
	at org.openqa.selenium.remote.RemoteWebDriver.execute(RemoteWebDriver.java:552)
	at org.openqa.selenium.remote.RemoteWebDriver.startSession(RemoteWebDriver.java:213)
	at org.openqa.selenium.remote.RemoteWebDriver.&lt;init&gt;(RemoteWebDriver.java:131)
	at org.openqa.selenium.chrome.ChromeDriver.&lt;init&gt;(ChromeDriver.java:181)
	at org.openqa.selenium.chrome.ChromeDriver.&lt;init&gt;(ChromeDriver.java:168)
	at org.openqa.selenium.chrome.ChromeDriver.&lt;init&gt;(ChromeDriver.java:123)
	at datadriven.seleniumrepository.SeleniumRepo.startBrowser(SeleniumRepo.java:111)
	at datadriven.testscript.TC003_SampleScript.BeforeTest(TC003_SampleScript.java:77)
	at java.base/java.util.ArrayList.forEach(ArrayList.java:1541)
... Removed 35 stack frames</div></td></tr></table><p class="totop"><a href="#summary">back to summary</a></p>
<h3 id="m11">datadriven.testscript.TC003_SampleScript#ValidationTest</h3><table class="result"><tr class="param"><th>Parameter #1</th></tr><tr class="param stripe"><td>datadriven.dataprovider.ExcelDataProviderObject@7a8a8e73</td></tr><tr><th>Exception</th></tr><tr><td><div class="stacktrace">org.openqa.selenium.SessionNotCreatedException: session not created: This version of ChromeDriver only supports Chrome version 95
Current browser version is 107.0.5304.123 with binary path C:\Program Files\Google\Chrome\Application\chrome.exe
Build info: version: &apos;3.141.59&apos;, revision: &apos;e82be7d358&apos;, time: &apos;2018-11-14T08:17:03&apos;
System info: host: &apos;LAPTOP-S7UJHO9I&apos;, ip: &apos;10.0.0.41&apos;, os.name: &apos;Windows 10&apos;, os.arch: &apos;amd64&apos;, os.version: &apos;10.0&apos;, java.version: &apos;11.0.12&apos;
Driver info: driver.version: ChromeDriver
remote stacktrace: Backtrace:
	Ordinal0 [0x00A906F3+2492147]
	Ordinal0 [0x00A29BD1+2071505]
	Ordinal0 [0x00932478+1057912]
	Ordinal0 [0x00950631+1181233]
	Ordinal0 [0x0094C43B+1164347]
	Ordinal0 [0x00949C9F+1154207]
	Ordinal0 [0x00979DFF+1351167]
	Ordinal0 [0x00979A6A+1350250]
	Ordinal0 [0x0097568B+1332875]
	Ordinal0 [0x009521D4+1188308]
	Ordinal0 [0x0095302F+1191983]
	GetHandleVerifier [0x00C167A6+1545030]
	GetHandleVerifier [0x00CC105C+2243580]
	GetHandleVerifier [0x00B1BC97+518199]
	GetHandleVerifier [0x00B1AD80+514336]
	Ordinal0 [0x00A2ED2D+2092333]
	Ordinal0 [0x00A32EE8+2109160]
	Ordinal0 [0x00A33022+2109474]
	Ordinal0 [0x00A3CB71+2149233]
	BaseThreadInitThunk [0x76C5FEF9+25]
	RtlGetAppContainerNamedObjectPath [0x76ED7BBE+286]
	RtlGetAppContainerNamedObjectPath [0x76ED7B8E+238]

	at org.openqa.selenium.remote.W3CHandshakeResponse.lambda$errorHandler$0(W3CHandshakeResponse.java:62)
	at org.openqa.selenium.remote.HandshakeResponse.lambda$getResponseFunction$0(HandshakeResponse.java:30)
	at org.openqa.selenium.remote.ProtocolHandshake.lambda$createSession$0(ProtocolHandshake.java:126)
	at java.base/java.util.stream.ReferencePipeline$3$1.accept(ReferencePipeline.java:195)
	at java.base/java.util.Spliterators$ArraySpliterator.tryAdvance(Spliterators.java:958)
	at java.base/java.util.stream.ReferencePipeline.forEachWithCancel(ReferencePipeline.java:127)
	at java.base/java.util.stream.AbstractPipeline.copyIntoWithCancel(AbstractPipeline.java:502)
	at java.base/java.util.stream.AbstractPipeline.copyInto(AbstractPipeline.java:488)
	at java.base/java.util.stream.AbstractPipeline.wrapAndCopyInto(AbstractPipeline.java:474)
	at java.base/java.util.stream.FindOps$FindOp.evaluateSequential(FindOps.java:150)
	at java.base/java.util.stream.AbstractPipeline.evaluate(AbstractPipeline.java:234)
	at java.base/java.util.stream.ReferencePipeline.findFirst(ReferencePipeline.java:543)
	at org.openqa.selenium.remote.ProtocolHandshake.createSession(ProtocolHandshake.java:128)
	at org.openqa.selenium.remote.ProtocolHandshake.createSession(ProtocolHandshake.java:74)
	at org.openqa.selenium.remote.HttpCommandExecutor.execute(HttpCommandExecutor.java:136)
	at org.openqa.selenium.remote.service.DriverCommandExecutor.execute(DriverCommandExecutor.java:83)
	at org.openqa.selenium.remote.RemoteWebDriver.execute(RemoteWebDriver.java:552)
	at org.openqa.selenium.remote.RemoteWebDriver.startSession(RemoteWebDriver.java:213)
	at org.openqa.selenium.remote.RemoteWebDriver.&lt;init&gt;(RemoteWebDriver.java:131)
	at org.openqa.selenium.chrome.ChromeDriver.&lt;init&gt;(ChromeDriver.java:181)
	at org.openqa.selenium.chrome.ChromeDriver.&lt;init&gt;(ChromeDriver.java:168)
	at org.openqa.selenium.chrome.ChromeDriver.&lt;init&gt;(ChromeDriver.java:123)
	at datadriven.seleniumrepository.SeleniumRepo.startBrowser(SeleniumRepo.java:111)
	at datadriven.testscript.TC003_SampleScript.BeforeTest(TC003_SampleScript.java:77)
	at java.base/java.util.ArrayList.forEach(ArrayList.java:1541)
... Removed 35 stack frames</div></td></tr></table><p class="totop"><a href="#summary">back to summary</a></p>
<h3 id="m12">datadriven.testscript.TC003_SampleScript#ValidationTest</h3><table class="result"><tr class="param"><th>Parameter #1</th></tr><tr class="param stripe"><td>datadriven.dataprovider.ExcelDataProviderObject@2349aa88</td></tr><tr><th>Exception</th></tr><tr><td><div class="stacktrace">org.openqa.selenium.SessionNotCreatedException: session not created: This version of ChromeDriver only supports Chrome version 95
Current browser version is 107.0.5304.123 with binary path C:\Program Files\Google\Chrome\Application\chrome.exe
Build info: version: &apos;3.141.59&apos;, revision: &apos;e82be7d358&apos;, time: &apos;2018-11-14T08:17:03&apos;
System info: host: &apos;LAPTOP-S7UJHO9I&apos;, ip: &apos;10.0.0.41&apos;, os.name: &apos;Windows 10&apos;, os.arch: &apos;amd64&apos;, os.version: &apos;10.0&apos;, java.version: &apos;11.0.12&apos;
Driver info: driver.version: ChromeDriver
remote stacktrace: Backtrace:
	Ordinal0 [0x00A906F3+2492147]
	Ordinal0 [0x00A29BD1+2071505]
	Ordinal0 [0x00932478+1057912]
	Ordinal0 [0x00950631+1181233]
	Ordinal0 [0x0094C43B+1164347]
	Ordinal0 [0x00949C9F+1154207]
	Ordinal0 [0x00979DFF+1351167]
	Ordinal0 [0x00979A6A+1350250]
	Ordinal0 [0x0097568B+1332875]
	Ordinal0 [0x009521D4+1188308]
	Ordinal0 [0x0095302F+1191983]
	GetHandleVerifier [0x00C167A6+1545030]
	GetHandleVerifier [0x00CC105C+2243580]
	GetHandleVerifier [0x00B1BC97+518199]
	GetHandleVerifier [0x00B1AD80+514336]
	Ordinal0 [0x00A2ED2D+2092333]
	Ordinal0 [0x00A32EE8+2109160]
	Ordinal0 [0x00A33022+2109474]
	Ordinal0 [0x00A3CB71+2149233]
	BaseThreadInitThunk [0x76C5FEF9+25]
	RtlGetAppContainerNamedObjectPath [0x76ED7BBE+286]
	RtlGetAppContainerNamedObjectPath [0x76ED7B8E+238]

	at org.openqa.selenium.remote.W3CHandshakeResponse.lambda$errorHandler$0(W3CHandshakeResponse.java:62)
	at org.openqa.selenium.remote.HandshakeResponse.lambda$getResponseFunction$0(HandshakeResponse.java:30)
	at org.openqa.selenium.remote.ProtocolHandshake.lambda$createSession$0(ProtocolHandshake.java:126)
	at java.base/java.util.stream.ReferencePipeline$3$1.accept(ReferencePipeline.java:195)
	at java.base/java.util.Spliterators$ArraySpliterator.tryAdvance(Spliterators.java:958)
	at java.base/java.util.stream.ReferencePipeline.forEachWithCancel(ReferencePipeline.java:127)
	at java.base/java.util.stream.AbstractPipeline.copyIntoWithCancel(AbstractPipeline.java:502)
	at java.base/java.util.stream.AbstractPipeline.copyInto(AbstractPipeline.java:488)
	at java.base/java.util.stream.AbstractPipeline.wrapAndCopyInto(AbstractPipeline.java:474)
	at java.base/java.util.stream.FindOps$FindOp.evaluateSequential(FindOps.java:150)
	at java.base/java.util.stream.AbstractPipeline.evaluate(AbstractPipeline.java:234)
	at java.base/java.util.stream.ReferencePipeline.findFirst(ReferencePipeline.java:543)
	at org.openqa.selenium.remote.ProtocolHandshake.createSession(ProtocolHandshake.java:128)
	at org.openqa.selenium.remote.ProtocolHandshake.createSession(ProtocolHandshake.java:74)
	at org.openqa.selenium.remote.HttpCommandExecutor.execute(HttpCommandExecutor.java:136)
	at org.openqa.selenium.remote.service.DriverCommandExecutor.execute(DriverCommandExecutor.java:83)
	at org.openqa.selenium.remote.RemoteWebDriver.execute(RemoteWebDriver.java:552)
	at org.openqa.selenium.remote.RemoteWebDriver.startSession(RemoteWebDriver.java:213)
	at org.openqa.selenium.remote.RemoteWebDriver.&lt;init&gt;(RemoteWebDriver.java:131)
	at org.openqa.selenium.chrome.ChromeDriver.&lt;init&gt;(ChromeDriver.java:181)
	at org.openqa.selenium.chrome.ChromeDriver.&lt;init&gt;(ChromeDriver.java:168)
	at org.openqa.selenium.chrome.ChromeDriver.&lt;init&gt;(ChromeDriver.java:123)
	at datadriven.seleniumrepository.SeleniumRepo.startBrowser(SeleniumRepo.java:111)
	at datadriven.testscript.TC003_SampleScript.BeforeTest(TC003_SampleScript.java:77)
	at java.base/java.util.ArrayList.forEach(ArrayList.java:1541)
... Removed 35 stack frames</div></td></tr></table><p class="totop"><a href="#summary">back to summary</a></p>
</body>
</html>
