<?xml version="1.0" encoding="UTF-8"?>
<testng-results ignored="0" total="4" passed="0" failed="0" skipped="4">
  <reporter-output>
    <line>
      <![CDATA[*************Inside Sample Test********************]]>
    </line>
  </reporter-output>
  <suite started-at="2022-12-14T22:42:01 IST" name="Suite" finished-at="2022-12-14T22:42:05 IST" duration-ms="3885">
    <groups>
    </groups>
    <test started-at="2022-12-14T22:42:01 IST" name="Test" finished-at="2022-12-14T22:42:05 IST" duration-ms="3885">
      <class name="datadriven.testscript.TC003_SampleScript">
        <test-method is-config="true" signature="Setup()[pri:0, instance:datadriven.testscript.TC003_SampleScript@678586f0]" started-at="2022-12-14T22:42:02 IST" name="Setup" finished-at="2022-12-14T22:42:02 IST" duration-ms="37" status="PASS">
          <reporter-output>
          </reporter-output>
        </test-method> <!-- Setup -->
        <test-method is-config="true" signature="BeforeTest()[pri:0, instance:datadriven.testscript.TC003_SampleScript@678586f0]" started-at="2022-12-14T22:42:02 IST" name="BeforeTest" finished-at="2022-12-14T22:42:05 IST" duration-ms="3128" status="FAIL">
          <exception class="org.openqa.selenium.SessionNotCreatedException">
            <message>
              <![CDATA[session not created: This version of ChromeDriver only supports Chrome version 95
Current browser version is 107.0.5304.123 with binary path C:\Program Files\Google\Chrome\Application\chrome.exe
Build info: version: '3.141.59', revision: 'e82be7d358', time: '2018-11-14T08:17:03'
System info: host: 'LAPTOP-S7UJHO9I', ip: '10.0.0.41', os.name: 'Windows 10', os.arch: 'amd64', os.version: '10.0', java.version: '11.0.12'
Driver info: driver.version: ChromeDriver
remote stacktrace: Backtrace:
Ordinal0 [0x00A906F3+2492147]
Ordinal0 [0x00A29BD1+2071505]
Ordinal0 [0x00932478+1057912]
Ordinal0 [0x00950631+1181233]
Ordinal0 [0x0094C43B+1164347]
Ordinal0 [0x00949C9F+1154207]
Ordinal0 [0x00979DFF+1351167]
Ordinal0 [0x00979A6A+1350250]
Ordinal0 [0x0097568B+1332875]
Ordinal0 [0x009521D4+1188308]
Ordinal0 [0x0095302F+1191983]
GetHandleVerifier [0x00C167A6+1545030]
GetHandleVerifier [0x00CC105C+2243580]
GetHandleVerifier [0x00B1BC97+518199]
GetHandleVerifier [0x00B1AD80+514336]
Ordinal0 [0x00A2ED2D+2092333]
Ordinal0 [0x00A32EE8+2109160]
Ordinal0 [0x00A33022+2109474]
Ordinal0 [0x00A3CB71+2149233]
BaseThreadInitThunk [0x76C5FEF9+25]
RtlGetAppContainerNamedObjectPath [0x76ED7BBE+286]
RtlGetAppContainerNamedObjectPath [0x76ED7B8E+238]
]]>
            </message>
            <full-stacktrace>
              <![CDATA[org.openqa.selenium.SessionNotCreatedException: session not created: This version of ChromeDriver only supports Chrome version 95
Current browser version is 107.0.5304.123 with binary path C:\Program Files\Google\Chrome\Application\chrome.exe
Build info: version: '3.141.59', revision: 'e82be7d358', time: '2018-11-14T08:17:03'
System info: host: 'LAPTOP-S7UJHO9I', ip: '10.0.0.41', os.name: 'Windows 10', os.arch: 'amd64', os.version: '10.0', java.version: '11.0.12'
Driver info: driver.version: ChromeDriver
remote stacktrace: Backtrace:
Ordinal0 [0x00A906F3+2492147]
Ordinal0 [0x00A29BD1+2071505]
Ordinal0 [0x00932478+1057912]
Ordinal0 [0x00950631+1181233]
Ordinal0 [0x0094C43B+1164347]
Ordinal0 [0x00949C9F+1154207]
Ordinal0 [0x00979DFF+1351167]
Ordinal0 [0x00979A6A+1350250]
Ordinal0 [0x0097568B+1332875]
Ordinal0 [0x009521D4+1188308]
Ordinal0 [0x0095302F+1191983]
GetHandleVerifier [0x00C167A6+1545030]
GetHandleVerifier [0x00CC105C+2243580]
GetHandleVerifier [0x00B1BC97+518199]
GetHandleVerifier [0x00B1AD80+514336]
Ordinal0 [0x00A2ED2D+2092333]
Ordinal0 [0x00A32EE8+2109160]
Ordinal0 [0x00A33022+2109474]
Ordinal0 [0x00A3CB71+2149233]
BaseThreadInitThunk [0x76C5FEF9+25]
RtlGetAppContainerNamedObjectPath [0x76ED7BBE+286]
RtlGetAppContainerNamedObjectPath [0x76ED7B8E+238]

at java.base/jdk.internal.reflect.NativeConstructorAccessorImpl.newInstance0(Native Method)
at java.base/jdk.internal.reflect.NativeConstructorAccessorImpl.newInstance(NativeConstructorAccessorImpl.java:62)
at java.base/jdk.internal.reflect.DelegatingConstructorAccessorImpl.newInstance(DelegatingConstructorAccessorImpl.java:45)
at java.base/java.lang.reflect.Constructor.newInstance(Constructor.java:490)
at org.openqa.selenium.remote.W3CHandshakeResponse.lambda$errorHandler$0(W3CHandshakeResponse.java:62)
at org.openqa.selenium.remote.HandshakeResponse.lambda$getResponseFunction$0(HandshakeResponse.java:30)
at org.openqa.selenium.remote.ProtocolHandshake.lambda$createSession$0(ProtocolHandshake.java:126)
at java.base/java.util.stream.ReferencePipeline$3$1.accept(ReferencePipeline.java:195)
at java.base/java.util.Spliterators$ArraySpliterator.tryAdvance(Spliterators.java:958)
at java.base/java.util.stream.ReferencePipeline.forEachWithCancel(ReferencePipeline.java:127)
at java.base/java.util.stream.AbstractPipeline.copyIntoWithCancel(AbstractPipeline.java:502)
at java.base/java.util.stream.AbstractPipeline.copyInto(AbstractPipeline.java:488)
at java.base/java.util.stream.AbstractPipeline.wrapAndCopyInto(AbstractPipeline.java:474)
at java.base/java.util.stream.FindOps$FindOp.evaluateSequential(FindOps.java:150)
at java.base/java.util.stream.AbstractPipeline.evaluate(AbstractPipeline.java:234)
at java.base/java.util.stream.ReferencePipeline.findFirst(ReferencePipeline.java:543)
at org.openqa.selenium.remote.ProtocolHandshake.createSession(ProtocolHandshake.java:128)
at org.openqa.selenium.remote.ProtocolHandshake.createSession(ProtocolHandshake.java:74)
at org.openqa.selenium.remote.HttpCommandExecutor.execute(HttpCommandExecutor.java:136)
at org.openqa.selenium.remote.service.DriverCommandExecutor.execute(DriverCommandExecutor.java:83)
at org.openqa.selenium.remote.RemoteWebDriver.execute(RemoteWebDriver.java:552)
at org.openqa.selenium.remote.RemoteWebDriver.startSession(RemoteWebDriver.java:213)
at org.openqa.selenium.remote.RemoteWebDriver.<init>(RemoteWebDriver.java:131)
at org.openqa.selenium.chrome.ChromeDriver.<init>(ChromeDriver.java:181)
at org.openqa.selenium.chrome.ChromeDriver.<init>(ChromeDriver.java:168)
at org.openqa.selenium.chrome.ChromeDriver.<init>(ChromeDriver.java:123)
at datadriven.seleniumrepository.SeleniumRepo.startBrowser(SeleniumRepo.java:111)
at datadriven.testscript.TC003_SampleScript.BeforeTest(TC003_SampleScript.java:77)
at java.base/jdk.internal.reflect.NativeMethodAccessorImpl.invoke0(Native Method)
at java.base/jdk.internal.reflect.NativeMethodAccessorImpl.invoke(NativeMethodAccessorImpl.java:62)
at java.base/jdk.internal.reflect.DelegatingMethodAccessorImpl.invoke(DelegatingMethodAccessorImpl.java:43)
at java.base/java.lang.reflect.Method.invoke(Method.java:566)
at org.testng.internal.MethodInvocationHelper.invokeMethod(MethodInvocationHelper.java:133)
at org.testng.internal.MethodInvocationHelper.invokeMethodConsideringTimeout(MethodInvocationHelper.java:62)
at org.testng.internal.ConfigInvoker.invokeConfigurationMethod(ConfigInvoker.java:385)
at org.testng.internal.ConfigInvoker.invokeConfigurations(ConfigInvoker.java:321)
at org.testng.internal.TestInvoker.runConfigMethods(TestInvoker.java:700)
at org.testng.internal.TestInvoker.invokeMethod(TestInvoker.java:527)
at org.testng.internal.TestInvoker.invokeTestMethod(TestInvoker.java:173)
at org.testng.internal.MethodRunner.runInSequence(MethodRunner.java:46)
at org.testng.internal.TestInvoker$MethodInvocationAgent.invoke(TestInvoker.java:824)
at org.testng.internal.TestInvoker.invokeTestMethods(TestInvoker.java:146)
at org.testng.internal.TestMethodWorker.invokeTestMethods(TestMethodWorker.java:146)
at org.testng.internal.TestMethodWorker.run(TestMethodWorker.java:128)
at java.base/java.util.ArrayList.forEach(ArrayList.java:1541)
at org.testng.TestRunner.privateRun(TestRunner.java:794)
at org.testng.TestRunner.run(TestRunner.java:596)
at org.testng.SuiteRunner.runTest(SuiteRunner.java:377)
at org.testng.SuiteRunner.runSequentially(SuiteRunner.java:371)
at org.testng.SuiteRunner.privateRun(SuiteRunner.java:332)
at org.testng.SuiteRunner.run(SuiteRunner.java:276)
at org.testng.SuiteRunnerWorker.runSuite(SuiteRunnerWorker.java:53)
at org.testng.SuiteRunnerWorker.run(SuiteRunnerWorker.java:96)
at org.testng.TestNG.runSuitesSequentially(TestNG.java:1212)
at org.testng.TestNG.runSuitesLocally(TestNG.java:1134)
at org.testng.TestNG.runSuites(TestNG.java:1063)
at org.testng.TestNG.run(TestNG.java:1031)
at org.testng.remote.AbstractRemoteTestNG.run(AbstractRemoteTestNG.java:115)
at org.testng.remote.RemoteTestNG.initAndRun(RemoteTestNG.java:251)
at org.testng.remote.RemoteTestNG.main(RemoteTestNG.java:77)
]]>
            </full-stacktrace>
          </exception> <!-- org.openqa.selenium.SessionNotCreatedException -->
          <reporter-output>
            <line>
              <![CDATA[*************Inside Sample Test********************]]>
            </line>
          </reporter-output>
        </test-method> <!-- BeforeTest -->
        <test-method signature="ValidationTest(datadriven.dataprovider.ExcelDataProviderObject)[pri:0, instance:datadriven.testscript.TC003_SampleScript@678586f0]" started-at="2022-12-14T22:42:05 IST" name="ValidationTest" data-provider="ValidationTest" finished-at="2022-12-14T22:42:05 IST" duration-ms="0" status="SKIP">
          <params>
            <param index="0">
              <value>
                <![CDATA[datadriven.dataprovider.ExcelDataProviderObject@648b4b14]]>
              </value>
            </param>
          </params>
          <exception class="org.openqa.selenium.SessionNotCreatedException">
            <message>
              <![CDATA[session not created: This version of ChromeDriver only supports Chrome version 95
Current browser version is 107.0.5304.123 with binary path C:\Program Files\Google\Chrome\Application\chrome.exe
Build info: version: '3.141.59', revision: 'e82be7d358', time: '2018-11-14T08:17:03'
System info: host: 'LAPTOP-S7UJHO9I', ip: '10.0.0.41', os.name: 'Windows 10', os.arch: 'amd64', os.version: '10.0', java.version: '11.0.12'
Driver info: driver.version: ChromeDriver
remote stacktrace: Backtrace:
Ordinal0 [0x00A906F3+2492147]
Ordinal0 [0x00A29BD1+2071505]
Ordinal0 [0x00932478+1057912]
Ordinal0 [0x00950631+1181233]
Ordinal0 [0x0094C43B+1164347]
Ordinal0 [0x00949C9F+1154207]
Ordinal0 [0x00979DFF+1351167]
Ordinal0 [0x00979A6A+1350250]
Ordinal0 [0x0097568B+1332875]
Ordinal0 [0x009521D4+1188308]
Ordinal0 [0x0095302F+1191983]
GetHandleVerifier [0x00C167A6+1545030]
GetHandleVerifier [0x00CC105C+2243580]
GetHandleVerifier [0x00B1BC97+518199]
GetHandleVerifier [0x00B1AD80+514336]
Ordinal0 [0x00A2ED2D+2092333]
Ordinal0 [0x00A32EE8+2109160]
Ordinal0 [0x00A33022+2109474]
Ordinal0 [0x00A3CB71+2149233]
BaseThreadInitThunk [0x76C5FEF9+25]
RtlGetAppContainerNamedObjectPath [0x76ED7BBE+286]
RtlGetAppContainerNamedObjectPath [0x76ED7B8E+238]
]]>
            </message>
            <full-stacktrace>
              <![CDATA[org.openqa.selenium.SessionNotCreatedException: session not created: This version of ChromeDriver only supports Chrome version 95
Current browser version is 107.0.5304.123 with binary path C:\Program Files\Google\Chrome\Application\chrome.exe
Build info: version: '3.141.59', revision: 'e82be7d358', time: '2018-11-14T08:17:03'
System info: host: 'LAPTOP-S7UJHO9I', ip: '10.0.0.41', os.name: 'Windows 10', os.arch: 'amd64', os.version: '10.0', java.version: '11.0.12'
Driver info: driver.version: ChromeDriver
remote stacktrace: Backtrace:
Ordinal0 [0x00A906F3+2492147]
Ordinal0 [0x00A29BD1+2071505]
Ordinal0 [0x00932478+1057912]
Ordinal0 [0x00950631+1181233]
Ordinal0 [0x0094C43B+1164347]
Ordinal0 [0x00949C9F+1154207]
Ordinal0 [0x00979DFF+1351167]
Ordinal0 [0x00979A6A+1350250]
Ordinal0 [0x0097568B+1332875]
Ordinal0 [0x009521D4+1188308]
Ordinal0 [0x0095302F+1191983]
GetHandleVerifier [0x00C167A6+1545030]
GetHandleVerifier [0x00CC105C+2243580]
GetHandleVerifier [0x00B1BC97+518199]
GetHandleVerifier [0x00B1AD80+514336]
Ordinal0 [0x00A2ED2D+2092333]
Ordinal0 [0x00A32EE8+2109160]
Ordinal0 [0x00A33022+2109474]
Ordinal0 [0x00A3CB71+2149233]
BaseThreadInitThunk [0x76C5FEF9+25]
RtlGetAppContainerNamedObjectPath [0x76ED7BBE+286]
RtlGetAppContainerNamedObjectPath [0x76ED7B8E+238]

at java.base/jdk.internal.reflect.NativeConstructorAccessorImpl.newInstance0(Native Method)
at java.base/jdk.internal.reflect.NativeConstructorAccessorImpl.newInstance(NativeConstructorAccessorImpl.java:62)
at java.base/jdk.internal.reflect.DelegatingConstructorAccessorImpl.newInstance(DelegatingConstructorAccessorImpl.java:45)
at java.base/java.lang.reflect.Constructor.newInstance(Constructor.java:490)
at org.openqa.selenium.remote.W3CHandshakeResponse.lambda$errorHandler$0(W3CHandshakeResponse.java:62)
at org.openqa.selenium.remote.HandshakeResponse.lambda$getResponseFunction$0(HandshakeResponse.java:30)
at org.openqa.selenium.remote.ProtocolHandshake.lambda$createSession$0(ProtocolHandshake.java:126)
at java.base/java.util.stream.ReferencePipeline$3$1.accept(ReferencePipeline.java:195)
at java.base/java.util.Spliterators$ArraySpliterator.tryAdvance(Spliterators.java:958)
at java.base/java.util.stream.ReferencePipeline.forEachWithCancel(ReferencePipeline.java:127)
at java.base/java.util.stream.AbstractPipeline.copyIntoWithCancel(AbstractPipeline.java:502)
at java.base/java.util.stream.AbstractPipeline.copyInto(AbstractPipeline.java:488)
at java.base/java.util.stream.AbstractPipeline.wrapAndCopyInto(AbstractPipeline.java:474)
at java.base/java.util.stream.FindOps$FindOp.evaluateSequential(FindOps.java:150)
at java.base/java.util.stream.AbstractPipeline.evaluate(AbstractPipeline.java:234)
at java.base/java.util.stream.ReferencePipeline.findFirst(ReferencePipeline.java:543)
at org.openqa.selenium.remote.ProtocolHandshake.createSession(ProtocolHandshake.java:128)
at org.openqa.selenium.remote.ProtocolHandshake.createSession(ProtocolHandshake.java:74)
at org.openqa.selenium.remote.HttpCommandExecutor.execute(HttpCommandExecutor.java:136)
at org.openqa.selenium.remote.service.DriverCommandExecutor.execute(DriverCommandExecutor.java:83)
at org.openqa.selenium.remote.RemoteWebDriver.execute(RemoteWebDriver.java:552)
at org.openqa.selenium.remote.RemoteWebDriver.startSession(RemoteWebDriver.java:213)
at org.openqa.selenium.remote.RemoteWebDriver.<init>(RemoteWebDriver.java:131)
at org.openqa.selenium.chrome.ChromeDriver.<init>(ChromeDriver.java:181)
at org.openqa.selenium.chrome.ChromeDriver.<init>(ChromeDriver.java:168)
at org.openqa.selenium.chrome.ChromeDriver.<init>(ChromeDriver.java:123)
at datadriven.seleniumrepository.SeleniumRepo.startBrowser(SeleniumRepo.java:111)
at datadriven.testscript.TC003_SampleScript.BeforeTest(TC003_SampleScript.java:77)
at java.base/jdk.internal.reflect.NativeMethodAccessorImpl.invoke0(Native Method)
at java.base/jdk.internal.reflect.NativeMethodAccessorImpl.invoke(NativeMethodAccessorImpl.java:62)
at java.base/jdk.internal.reflect.DelegatingMethodAccessorImpl.invoke(DelegatingMethodAccessorImpl.java:43)
at java.base/java.lang.reflect.Method.invoke(Method.java:566)
at org.testng.internal.MethodInvocationHelper.invokeMethod(MethodInvocationHelper.java:133)
at org.testng.internal.MethodInvocationHelper.invokeMethodConsideringTimeout(MethodInvocationHelper.java:62)
at org.testng.internal.ConfigInvoker.invokeConfigurationMethod(ConfigInvoker.java:385)
at org.testng.internal.ConfigInvoker.invokeConfigurations(ConfigInvoker.java:321)
at org.testng.internal.TestInvoker.runConfigMethods(TestInvoker.java:700)
at org.testng.internal.TestInvoker.invokeMethod(TestInvoker.java:527)
at org.testng.internal.TestInvoker.invokeTestMethod(TestInvoker.java:173)
at org.testng.internal.MethodRunner.runInSequence(MethodRunner.java:46)
at org.testng.internal.TestInvoker$MethodInvocationAgent.invoke(TestInvoker.java:824)
at org.testng.internal.TestInvoker.invokeTestMethods(TestInvoker.java:146)
at org.testng.internal.TestMethodWorker.invokeTestMethods(TestMethodWorker.java:146)
at org.testng.internal.TestMethodWorker.run(TestMethodWorker.java:128)
at java.base/java.util.ArrayList.forEach(ArrayList.java:1541)
at org.testng.TestRunner.privateRun(TestRunner.java:794)
at org.testng.TestRunner.run(TestRunner.java:596)
at org.testng.SuiteRunner.runTest(SuiteRunner.java:377)
at org.testng.SuiteRunner.runSequentially(SuiteRunner.java:371)
at org.testng.SuiteRunner.privateRun(SuiteRunner.java:332)
at org.testng.SuiteRunner.run(SuiteRunner.java:276)
at org.testng.SuiteRunnerWorker.runSuite(SuiteRunnerWorker.java:53)
at org.testng.SuiteRunnerWorker.run(SuiteRunnerWorker.java:96)
at org.testng.TestNG.runSuitesSequentially(TestNG.java:1212)
at org.testng.TestNG.runSuitesLocally(TestNG.java:1134)
at org.testng.TestNG.runSuites(TestNG.java:1063)
at org.testng.TestNG.run(TestNG.java:1031)
at org.testng.remote.AbstractRemoteTestNG.run(AbstractRemoteTestNG.java:115)
at org.testng.remote.RemoteTestNG.initAndRun(RemoteTestNG.java:251)
at org.testng.remote.RemoteTestNG.main(RemoteTestNG.java:77)
]]>
            </full-stacktrace>
          </exception> <!-- org.openqa.selenium.SessionNotCreatedException -->
          <reporter-output>
          </reporter-output>
        </test-method> <!-- ValidationTest -->
        <test-method is-config="true" signature="AfterTest()[pri:0, instance:datadriven.testscript.TC003_SampleScript@678586f0]" started-at="2022-12-14T22:42:05 IST" name="AfterTest" finished-at="1970-01-01T05:30:00 IST" duration-ms="-1671037925727" status="SKIP">
          <reporter-output>
          </reporter-output>
        </test-method> <!-- AfterTest -->
        <test-method is-config="true" signature="BeforeTest()[pri:0, instance:datadriven.testscript.TC003_SampleScript@678586f0]" started-at="2022-12-14T22:42:05 IST" name="BeforeTest" finished-at="1970-01-01T05:30:00 IST" duration-ms="-1671037925730" status="SKIP">
          <reporter-output>
          </reporter-output>
        </test-method> <!-- BeforeTest -->
        <test-method signature="ValidationTest(datadriven.dataprovider.ExcelDataProviderObject)[pri:0, instance:datadriven.testscript.TC003_SampleScript@678586f0]" started-at="2022-12-14T22:42:05 IST" name="ValidationTest" data-provider="ValidationTest" finished-at="2022-12-14T22:42:05 IST" duration-ms="0" status="SKIP">
          <params>
            <param index="0">
              <value>
                <![CDATA[datadriven.dataprovider.ExcelDataProviderObject@2349aa88]]>
              </value>
            </param>
          </params>
          <exception class="org.openqa.selenium.SessionNotCreatedException">
            <message>
              <![CDATA[session not created: This version of ChromeDriver only supports Chrome version 95
Current browser version is 107.0.5304.123 with binary path C:\Program Files\Google\Chrome\Application\chrome.exe
Build info: version: '3.141.59', revision: 'e82be7d358', time: '2018-11-14T08:17:03'
System info: host: 'LAPTOP-S7UJHO9I', ip: '10.0.0.41', os.name: 'Windows 10', os.arch: 'amd64', os.version: '10.0', java.version: '11.0.12'
Driver info: driver.version: ChromeDriver
remote stacktrace: Backtrace:
Ordinal0 [0x00A906F3+2492147]
Ordinal0 [0x00A29BD1+2071505]
Ordinal0 [0x00932478+1057912]
Ordinal0 [0x00950631+1181233]
Ordinal0 [0x0094C43B+1164347]
Ordinal0 [0x00949C9F+1154207]
Ordinal0 [0x00979DFF+1351167]
Ordinal0 [0x00979A6A+1350250]
Ordinal0 [0x0097568B+1332875]
Ordinal0 [0x009521D4+1188308]
Ordinal0 [0x0095302F+1191983]
GetHandleVerifier [0x00C167A6+1545030]
GetHandleVerifier [0x00CC105C+2243580]
GetHandleVerifier [0x00B1BC97+518199]
GetHandleVerifier [0x00B1AD80+514336]
Ordinal0 [0x00A2ED2D+2092333]
Ordinal0 [0x00A32EE8+2109160]
Ordinal0 [0x00A33022+2109474]
Ordinal0 [0x00A3CB71+2149233]
BaseThreadInitThunk [0x76C5FEF9+25]
RtlGetAppContainerNamedObjectPath [0x76ED7BBE+286]
RtlGetAppContainerNamedObjectPath [0x76ED7B8E+238]
]]>
            </message>
            <full-stacktrace>
              <![CDATA[org.openqa.selenium.SessionNotCreatedException: session not created: This version of ChromeDriver only supports Chrome version 95
Current browser version is 107.0.5304.123 with binary path C:\Program Files\Google\Chrome\Application\chrome.exe
Build info: version: '3.141.59', revision: 'e82be7d358', time: '2018-11-14T08:17:03'
System info: host: 'LAPTOP-S7UJHO9I', ip: '10.0.0.41', os.name: 'Windows 10', os.arch: 'amd64', os.version: '10.0', java.version: '11.0.12'
Driver info: driver.version: ChromeDriver
remote stacktrace: Backtrace:
Ordinal0 [0x00A906F3+2492147]
Ordinal0 [0x00A29BD1+2071505]
Ordinal0 [0x00932478+1057912]
Ordinal0 [0x00950631+1181233]
Ordinal0 [0x0094C43B+1164347]
Ordinal0 [0x00949C9F+1154207]
Ordinal0 [0x00979DFF+1351167]
Ordinal0 [0x00979A6A+1350250]
Ordinal0 [0x0097568B+1332875]
Ordinal0 [0x009521D4+1188308]
Ordinal0 [0x0095302F+1191983]
GetHandleVerifier [0x00C167A6+1545030]
GetHandleVerifier [0x00CC105C+2243580]
GetHandleVerifier [0x00B1BC97+518199]
GetHandleVerifier [0x00B1AD80+514336]
Ordinal0 [0x00A2ED2D+2092333]
Ordinal0 [0x00A32EE8+2109160]
Ordinal0 [0x00A33022+2109474]
Ordinal0 [0x00A3CB71+2149233]
BaseThreadInitThunk [0x76C5FEF9+25]
RtlGetAppContainerNamedObjectPath [0x76ED7BBE+286]
RtlGetAppContainerNamedObjectPath [0x76ED7B8E+238]

at java.base/jdk.internal.reflect.NativeConstructorAccessorImpl.newInstance0(Native Method)
at java.base/jdk.internal.reflect.NativeConstructorAccessorImpl.newInstance(NativeConstructorAccessorImpl.java:62)
at java.base/jdk.internal.reflect.DelegatingConstructorAccessorImpl.newInstance(DelegatingConstructorAccessorImpl.java:45)
at java.base/java.lang.reflect.Constructor.newInstance(Constructor.java:490)
at org.openqa.selenium.remote.W3CHandshakeResponse.lambda$errorHandler$0(W3CHandshakeResponse.java:62)
at org.openqa.selenium.remote.HandshakeResponse.lambda$getResponseFunction$0(HandshakeResponse.java:30)
at org.openqa.selenium.remote.ProtocolHandshake.lambda$createSession$0(ProtocolHandshake.java:126)
at java.base/java.util.stream.ReferencePipeline$3$1.accept(ReferencePipeline.java:195)
at java.base/java.util.Spliterators$ArraySpliterator.tryAdvance(Spliterators.java:958)
at java.base/java.util.stream.ReferencePipeline.forEachWithCancel(ReferencePipeline.java:127)
at java.base/java.util.stream.AbstractPipeline.copyIntoWithCancel(AbstractPipeline.java:502)
at java.base/java.util.stream.AbstractPipeline.copyInto(AbstractPipeline.java:488)
at java.base/java.util.stream.AbstractPipeline.wrapAndCopyInto(AbstractPipeline.java:474)
at java.base/java.util.stream.FindOps$FindOp.evaluateSequential(FindOps.java:150)
at java.base/java.util.stream.AbstractPipeline.evaluate(AbstractPipeline.java:234)
at java.base/java.util.stream.ReferencePipeline.findFirst(ReferencePipeline.java:543)
at org.openqa.selenium.remote.ProtocolHandshake.createSession(ProtocolHandshake.java:128)
at org.openqa.selenium.remote.ProtocolHandshake.createSession(ProtocolHandshake.java:74)
at org.openqa.selenium.remote.HttpCommandExecutor.execute(HttpCommandExecutor.java:136)
at org.openqa.selenium.remote.service.DriverCommandExecutor.execute(DriverCommandExecutor.java:83)
at org.openqa.selenium.remote.RemoteWebDriver.execute(RemoteWebDriver.java:552)
at org.openqa.selenium.remote.RemoteWebDriver.startSession(RemoteWebDriver.java:213)
at org.openqa.selenium.remote.RemoteWebDriver.<init>(RemoteWebDriver.java:131)
at org.openqa.selenium.chrome.ChromeDriver.<init>(ChromeDriver.java:181)
at org.openqa.selenium.chrome.ChromeDriver.<init>(ChromeDriver.java:168)
at org.openqa.selenium.chrome.ChromeDriver.<init>(ChromeDriver.java:123)
at datadriven.seleniumrepository.SeleniumRepo.startBrowser(SeleniumRepo.java:111)
at datadriven.testscript.TC003_SampleScript.BeforeTest(TC003_SampleScript.java:77)
at java.base/jdk.internal.reflect.NativeMethodAccessorImpl.invoke0(Native Method)
at java.base/jdk.internal.reflect.NativeMethodAccessorImpl.invoke(NativeMethodAccessorImpl.java:62)
at java.base/jdk.internal.reflect.DelegatingMethodAccessorImpl.invoke(DelegatingMethodAccessorImpl.java:43)
at java.base/java.lang.reflect.Method.invoke(Method.java:566)
at org.testng.internal.MethodInvocationHelper.invokeMethod(MethodInvocationHelper.java:133)
at org.testng.internal.MethodInvocationHelper.invokeMethodConsideringTimeout(MethodInvocationHelper.java:62)
at org.testng.internal.ConfigInvoker.invokeConfigurationMethod(ConfigInvoker.java:385)
at org.testng.internal.ConfigInvoker.invokeConfigurations(ConfigInvoker.java:321)
at org.testng.internal.TestInvoker.runConfigMethods(TestInvoker.java:700)
at org.testng.internal.TestInvoker.invokeMethod(TestInvoker.java:527)
at org.testng.internal.TestInvoker.invokeTestMethod(TestInvoker.java:173)
at org.testng.internal.MethodRunner.runInSequence(MethodRunner.java:46)
at org.testng.internal.TestInvoker$MethodInvocationAgent.invoke(TestInvoker.java:824)
at org.testng.internal.TestInvoker.invokeTestMethods(TestInvoker.java:146)
at org.testng.internal.TestMethodWorker.invokeTestMethods(TestMethodWorker.java:146)
at org.testng.internal.TestMethodWorker.run(TestMethodWorker.java:128)
at java.base/java.util.ArrayList.forEach(ArrayList.java:1541)
at org.testng.TestRunner.privateRun(TestRunner.java:794)
at org.testng.TestRunner.run(TestRunner.java:596)
at org.testng.SuiteRunner.runTest(SuiteRunner.java:377)
at org.testng.SuiteRunner.runSequentially(SuiteRunner.java:371)
at org.testng.SuiteRunner.privateRun(SuiteRunner.java:332)
at org.testng.SuiteRunner.run(SuiteRunner.java:276)
at org.testng.SuiteRunnerWorker.runSuite(SuiteRunnerWorker.java:53)
at org.testng.SuiteRunnerWorker.run(SuiteRunnerWorker.java:96)
at org.testng.TestNG.runSuitesSequentially(TestNG.java:1212)
at org.testng.TestNG.runSuitesLocally(TestNG.java:1134)
at org.testng.TestNG.runSuites(TestNG.java:1063)
at org.testng.TestNG.run(TestNG.java:1031)
at org.testng.remote.AbstractRemoteTestNG.run(AbstractRemoteTestNG.java:115)
at org.testng.remote.RemoteTestNG.initAndRun(RemoteTestNG.java:251)
at org.testng.remote.RemoteTestNG.main(RemoteTestNG.java:77)
]]>
            </full-stacktrace>
          </exception> <!-- org.openqa.selenium.SessionNotCreatedException -->
          <reporter-output>
          </reporter-output>
        </test-method> <!-- ValidationTest -->
        <test-method is-config="true" signature="BeforeTest()[pri:0, instance:datadriven.testscript.TC003_SampleScript@678586f0]" started-at="2022-12-14T22:42:05 IST" name="BeforeTest" finished-at="1970-01-01T05:30:00 IST" duration-ms="-1671037925735" status="SKIP">
          <reporter-output>
          </reporter-output>
        </test-method> <!-- BeforeTest -->
        <test-method signature="ValidationTest(datadriven.dataprovider.ExcelDataProviderObject)[pri:0, instance:datadriven.testscript.TC003_SampleScript@678586f0]" started-at="2022-12-14T22:42:05 IST" name="ValidationTest" data-provider="ValidationTest" finished-at="2022-12-14T22:42:05 IST" duration-ms="0" status="SKIP">
          <params>
            <param index="0">
              <value>
                <![CDATA[datadriven.dataprovider.ExcelDataProviderObject@7a8a8e73]]>
              </value>
            </param>
          </params>
          <exception class="org.openqa.selenium.SessionNotCreatedException">
            <message>
              <![CDATA[session not created: This version of ChromeDriver only supports Chrome version 95
Current browser version is 107.0.5304.123 with binary path C:\Program Files\Google\Chrome\Application\chrome.exe
Build info: version: '3.141.59', revision: 'e82be7d358', time: '2018-11-14T08:17:03'
System info: host: 'LAPTOP-S7UJHO9I', ip: '10.0.0.41', os.name: 'Windows 10', os.arch: 'amd64', os.version: '10.0', java.version: '11.0.12'
Driver info: driver.version: ChromeDriver
remote stacktrace: Backtrace:
Ordinal0 [0x00A906F3+2492147]
Ordinal0 [0x00A29BD1+2071505]
Ordinal0 [0x00932478+1057912]
Ordinal0 [0x00950631+1181233]
Ordinal0 [0x0094C43B+1164347]
Ordinal0 [0x00949C9F+1154207]
Ordinal0 [0x00979DFF+1351167]
Ordinal0 [0x00979A6A+1350250]
Ordinal0 [0x0097568B+1332875]
Ordinal0 [0x009521D4+1188308]
Ordinal0 [0x0095302F+1191983]
GetHandleVerifier [0x00C167A6+1545030]
GetHandleVerifier [0x00CC105C+2243580]
GetHandleVerifier [0x00B1BC97+518199]
GetHandleVerifier [0x00B1AD80+514336]
Ordinal0 [0x00A2ED2D+2092333]
Ordinal0 [0x00A32EE8+2109160]
Ordinal0 [0x00A33022+2109474]
Ordinal0 [0x00A3CB71+2149233]
BaseThreadInitThunk [0x76C5FEF9+25]
RtlGetAppContainerNamedObjectPath [0x76ED7BBE+286]
RtlGetAppContainerNamedObjectPath [0x76ED7B8E+238]
]]>
            </message>
            <full-stacktrace>
              <![CDATA[org.openqa.selenium.SessionNotCreatedException: session not created: This version of ChromeDriver only supports Chrome version 95
Current browser version is 107.0.5304.123 with binary path C:\Program Files\Google\Chrome\Application\chrome.exe
Build info: version: '3.141.59', revision: 'e82be7d358', time: '2018-11-14T08:17:03'
System info: host: 'LAPTOP-S7UJHO9I', ip: '10.0.0.41', os.name: 'Windows 10', os.arch: 'amd64', os.version: '10.0', java.version: '11.0.12'
Driver info: driver.version: ChromeDriver
remote stacktrace: Backtrace:
Ordinal0 [0x00A906F3+2492147]
Ordinal0 [0x00A29BD1+2071505]
Ordinal0 [0x00932478+1057912]
Ordinal0 [0x00950631+1181233]
Ordinal0 [0x0094C43B+1164347]
Ordinal0 [0x00949C9F+1154207]
Ordinal0 [0x00979DFF+1351167]
Ordinal0 [0x00979A6A+1350250]
Ordinal0 [0x0097568B+1332875]
Ordinal0 [0x009521D4+1188308]
Ordinal0 [0x0095302F+1191983]
GetHandleVerifier [0x00C167A6+1545030]
GetHandleVerifier [0x00CC105C+2243580]
GetHandleVerifier [0x00B1BC97+518199]
GetHandleVerifier [0x00B1AD80+514336]
Ordinal0 [0x00A2ED2D+2092333]
Ordinal0 [0x00A32EE8+2109160]
Ordinal0 [0x00A33022+2109474]
Ordinal0 [0x00A3CB71+2149233]
BaseThreadInitThunk [0x76C5FEF9+25]
RtlGetAppContainerNamedObjectPath [0x76ED7BBE+286]
RtlGetAppContainerNamedObjectPath [0x76ED7B8E+238]

at java.base/jdk.internal.reflect.NativeConstructorAccessorImpl.newInstance0(Native Method)
at java.base/jdk.internal.reflect.NativeConstructorAccessorImpl.newInstance(NativeConstructorAccessorImpl.java:62)
at java.base/jdk.internal.reflect.DelegatingConstructorAccessorImpl.newInstance(DelegatingConstructorAccessorImpl.java:45)
at java.base/java.lang.reflect.Constructor.newInstance(Constructor.java:490)
at org.openqa.selenium.remote.W3CHandshakeResponse.lambda$errorHandler$0(W3CHandshakeResponse.java:62)
at org.openqa.selenium.remote.HandshakeResponse.lambda$getResponseFunction$0(HandshakeResponse.java:30)
at org.openqa.selenium.remote.ProtocolHandshake.lambda$createSession$0(ProtocolHandshake.java:126)
at java.base/java.util.stream.ReferencePipeline$3$1.accept(ReferencePipeline.java:195)
at java.base/java.util.Spliterators$ArraySpliterator.tryAdvance(Spliterators.java:958)
at java.base/java.util.stream.ReferencePipeline.forEachWithCancel(ReferencePipeline.java:127)
at java.base/java.util.stream.AbstractPipeline.copyIntoWithCancel(AbstractPipeline.java:502)
at java.base/java.util.stream.AbstractPipeline.copyInto(AbstractPipeline.java:488)
at java.base/java.util.stream.AbstractPipeline.wrapAndCopyInto(AbstractPipeline.java:474)
at java.base/java.util.stream.FindOps$FindOp.evaluateSequential(FindOps.java:150)
at java.base/java.util.stream.AbstractPipeline.evaluate(AbstractPipeline.java:234)
at java.base/java.util.stream.ReferencePipeline.findFirst(ReferencePipeline.java:543)
at org.openqa.selenium.remote.ProtocolHandshake.createSession(ProtocolHandshake.java:128)
at org.openqa.selenium.remote.ProtocolHandshake.createSession(ProtocolHandshake.java:74)
at org.openqa.selenium.remote.HttpCommandExecutor.execute(HttpCommandExecutor.java:136)
at org.openqa.selenium.remote.service.DriverCommandExecutor.execute(DriverCommandExecutor.java:83)
at org.openqa.selenium.remote.RemoteWebDriver.execute(RemoteWebDriver.java:552)
at org.openqa.selenium.remote.RemoteWebDriver.startSession(RemoteWebDriver.java:213)
at org.openqa.selenium.remote.RemoteWebDriver.<init>(RemoteWebDriver.java:131)
at org.openqa.selenium.chrome.ChromeDriver.<init>(ChromeDriver.java:181)
at org.openqa.selenium.chrome.ChromeDriver.<init>(ChromeDriver.java:168)
at org.openqa.selenium.chrome.ChromeDriver.<init>(ChromeDriver.java:123)
at datadriven.seleniumrepository.SeleniumRepo.startBrowser(SeleniumRepo.java:111)
at datadriven.testscript.TC003_SampleScript.BeforeTest(TC003_SampleScript.java:77)
at java.base/jdk.internal.reflect.NativeMethodAccessorImpl.invoke0(Native Method)
at java.base/jdk.internal.reflect.NativeMethodAccessorImpl.invoke(NativeMethodAccessorImpl.java:62)
at java.base/jdk.internal.reflect.DelegatingMethodAccessorImpl.invoke(DelegatingMethodAccessorImpl.java:43)
at java.base/java.lang.reflect.Method.invoke(Method.java:566)
at org.testng.internal.MethodInvocationHelper.invokeMethod(MethodInvocationHelper.java:133)
at org.testng.internal.MethodInvocationHelper.invokeMethodConsideringTimeout(MethodInvocationHelper.java:62)
at org.testng.internal.ConfigInvoker.invokeConfigurationMethod(ConfigInvoker.java:385)
at org.testng.internal.ConfigInvoker.invokeConfigurations(ConfigInvoker.java:321)
at org.testng.internal.TestInvoker.runConfigMethods(TestInvoker.java:700)
at org.testng.internal.TestInvoker.invokeMethod(TestInvoker.java:527)
at org.testng.internal.TestInvoker.invokeTestMethod(TestInvoker.java:173)
at org.testng.internal.MethodRunner.runInSequence(MethodRunner.java:46)
at org.testng.internal.TestInvoker$MethodInvocationAgent.invoke(TestInvoker.java:824)
at org.testng.internal.TestInvoker.invokeTestMethods(TestInvoker.java:146)
at org.testng.internal.TestMethodWorker.invokeTestMethods(TestMethodWorker.java:146)
at org.testng.internal.TestMethodWorker.run(TestMethodWorker.java:128)
at java.base/java.util.ArrayList.forEach(ArrayList.java:1541)
at org.testng.TestRunner.privateRun(TestRunner.java:794)
at org.testng.TestRunner.run(TestRunner.java:596)
at org.testng.SuiteRunner.runTest(SuiteRunner.java:377)
at org.testng.SuiteRunner.runSequentially(SuiteRunner.java:371)
at org.testng.SuiteRunner.privateRun(SuiteRunner.java:332)
at org.testng.SuiteRunner.run(SuiteRunner.java:276)
at org.testng.SuiteRunnerWorker.runSuite(SuiteRunnerWorker.java:53)
at org.testng.SuiteRunnerWorker.run(SuiteRunnerWorker.java:96)
at org.testng.TestNG.runSuitesSequentially(TestNG.java:1212)
at org.testng.TestNG.runSuitesLocally(TestNG.java:1134)
at org.testng.TestNG.runSuites(TestNG.java:1063)
at org.testng.TestNG.run(TestNG.java:1031)
at org.testng.remote.AbstractRemoteTestNG.run(AbstractRemoteTestNG.java:115)
at org.testng.remote.RemoteTestNG.initAndRun(RemoteTestNG.java:251)
at org.testng.remote.RemoteTestNG.main(RemoteTestNG.java:77)
]]>
            </full-stacktrace>
          </exception> <!-- org.openqa.selenium.SessionNotCreatedException -->
          <reporter-output>
          </reporter-output>
        </test-method> <!-- ValidationTest -->
        <test-method is-config="true" signature="AfterTest()[pri:0, instance:datadriven.testscript.TC003_SampleScript@678586f0]" started-at="2022-12-14T22:42:05 IST" name="AfterTest" finished-at="1970-01-01T05:30:00 IST" duration-ms="-1671037925735" status="SKIP">
          <reporter-output>
          </reporter-output>
        </test-method> <!-- AfterTest -->
        <test-method is-config="true" signature="AfterTest()[pri:0, instance:datadriven.testscript.TC003_SampleScript@678586f0]" started-at="2022-12-14T22:42:05 IST" name="AfterTest" finished-at="1970-01-01T05:30:00 IST" duration-ms="-1671037925743" status="SKIP">
          <reporter-output>
          </reporter-output>
        </test-method> <!-- AfterTest -->
        <test-method is-config="true" signature="BeforeTest()[pri:0, instance:datadriven.testscript.TC003_SampleScript@678586f0]" started-at="2022-12-14T22:42:05 IST" name="BeforeTest" finished-at="1970-01-01T05:30:00 IST" duration-ms="-1671037925744" status="SKIP">
          <reporter-output>
          </reporter-output>
        </test-method> <!-- BeforeTest -->
        <test-method is-config="true" signature="teardown()[pri:0, instance:datadriven.testscript.TC003_SampleScript@678586f0]" started-at="2022-12-14T22:42:05 IST" name="teardown" finished-at="1970-01-01T05:30:00 IST" duration-ms="-1671037925745" status="SKIP">
          <reporter-output>
          </reporter-output>
        </test-method> <!-- teardown -->
        <test-method is-config="true" signature="AfterTest()[pri:0, instance:datadriven.testscript.TC003_SampleScript@678586f0]" started-at="2022-12-14T22:42:05 IST" name="AfterTest" finished-at="1970-01-01T05:30:00 IST" duration-ms="-1671037925745" status="SKIP">
          <reporter-output>
          </reporter-output>
        </test-method> <!-- AfterTest -->
        <test-method signature="ValidationTest(datadriven.dataprovider.ExcelDataProviderObject)[pri:0, instance:datadriven.testscript.TC003_SampleScript@678586f0]" started-at="2022-12-14T22:42:05 IST" name="ValidationTest" data-provider="ValidationTest" finished-at="2022-12-14T22:42:05 IST" duration-ms="0" status="SKIP">
          <params>
            <param index="0">
              <value>
                <![CDATA[datadriven.dataprovider.ExcelDataProviderObject@3ae866ee]]>
              </value>
            </param>
          </params>
          <exception class="org.openqa.selenium.SessionNotCreatedException">
            <message>
              <![CDATA[session not created: This version of ChromeDriver only supports Chrome version 95
Current browser version is 107.0.5304.123 with binary path C:\Program Files\Google\Chrome\Application\chrome.exe
Build info: version: '3.141.59', revision: 'e82be7d358', time: '2018-11-14T08:17:03'
System info: host: 'LAPTOP-S7UJHO9I', ip: '10.0.0.41', os.name: 'Windows 10', os.arch: 'amd64', os.version: '10.0', java.version: '11.0.12'
Driver info: driver.version: ChromeDriver
remote stacktrace: Backtrace:
Ordinal0 [0x00A906F3+2492147]
Ordinal0 [0x00A29BD1+2071505]
Ordinal0 [0x00932478+1057912]
Ordinal0 [0x00950631+1181233]
Ordinal0 [0x0094C43B+1164347]
Ordinal0 [0x00949C9F+1154207]
Ordinal0 [0x00979DFF+1351167]
Ordinal0 [0x00979A6A+1350250]
Ordinal0 [0x0097568B+1332875]
Ordinal0 [0x009521D4+1188308]
Ordinal0 [0x0095302F+1191983]
GetHandleVerifier [0x00C167A6+1545030]
GetHandleVerifier [0x00CC105C+2243580]
GetHandleVerifier [0x00B1BC97+518199]
GetHandleVerifier [0x00B1AD80+514336]
Ordinal0 [0x00A2ED2D+2092333]
Ordinal0 [0x00A32EE8+2109160]
Ordinal0 [0x00A33022+2109474]
Ordinal0 [0x00A3CB71+2149233]
BaseThreadInitThunk [0x76C5FEF9+25]
RtlGetAppContainerNamedObjectPath [0x76ED7BBE+286]
RtlGetAppContainerNamedObjectPath [0x76ED7B8E+238]
]]>
            </message>
            <full-stacktrace>
              <![CDATA[org.openqa.selenium.SessionNotCreatedException: session not created: This version of ChromeDriver only supports Chrome version 95
Current browser version is 107.0.5304.123 with binary path C:\Program Files\Google\Chrome\Application\chrome.exe
Build info: version: '3.141.59', revision: 'e82be7d358', time: '2018-11-14T08:17:03'
System info: host: 'LAPTOP-S7UJHO9I', ip: '10.0.0.41', os.name: 'Windows 10', os.arch: 'amd64', os.version: '10.0', java.version: '11.0.12'
Driver info: driver.version: ChromeDriver
remote stacktrace: Backtrace:
Ordinal0 [0x00A906F3+2492147]
Ordinal0 [0x00A29BD1+2071505]
Ordinal0 [0x00932478+1057912]
Ordinal0 [0x00950631+1181233]
Ordinal0 [0x0094C43B+1164347]
Ordinal0 [0x00949C9F+1154207]
Ordinal0 [0x00979DFF+1351167]
Ordinal0 [0x00979A6A+1350250]
Ordinal0 [0x0097568B+1332875]
Ordinal0 [0x009521D4+1188308]
Ordinal0 [0x0095302F+1191983]
GetHandleVerifier [0x00C167A6+1545030]
GetHandleVerifier [0x00CC105C+2243580]
GetHandleVerifier [0x00B1BC97+518199]
GetHandleVerifier [0x00B1AD80+514336]
Ordinal0 [0x00A2ED2D+2092333]
Ordinal0 [0x00A32EE8+2109160]
Ordinal0 [0x00A33022+2109474]
Ordinal0 [0x00A3CB71+2149233]
BaseThreadInitThunk [0x76C5FEF9+25]
RtlGetAppContainerNamedObjectPath [0x76ED7BBE+286]
RtlGetAppContainerNamedObjectPath [0x76ED7B8E+238]

at java.base/jdk.internal.reflect.NativeConstructorAccessorImpl.newInstance0(Native Method)
at java.base/jdk.internal.reflect.NativeConstructorAccessorImpl.newInstance(NativeConstructorAccessorImpl.java:62)
at java.base/jdk.internal.reflect.DelegatingConstructorAccessorImpl.newInstance(DelegatingConstructorAccessorImpl.java:45)
at java.base/java.lang.reflect.Constructor.newInstance(Constructor.java:490)
at org.openqa.selenium.remote.W3CHandshakeResponse.lambda$errorHandler$0(W3CHandshakeResponse.java:62)
at org.openqa.selenium.remote.HandshakeResponse.lambda$getResponseFunction$0(HandshakeResponse.java:30)
at org.openqa.selenium.remote.ProtocolHandshake.lambda$createSession$0(ProtocolHandshake.java:126)
at java.base/java.util.stream.ReferencePipeline$3$1.accept(ReferencePipeline.java:195)
at java.base/java.util.Spliterators$ArraySpliterator.tryAdvance(Spliterators.java:958)
at java.base/java.util.stream.ReferencePipeline.forEachWithCancel(ReferencePipeline.java:127)
at java.base/java.util.stream.AbstractPipeline.copyIntoWithCancel(AbstractPipeline.java:502)
at java.base/java.util.stream.AbstractPipeline.copyInto(AbstractPipeline.java:488)
at java.base/java.util.stream.AbstractPipeline.wrapAndCopyInto(AbstractPipeline.java:474)
at java.base/java.util.stream.FindOps$FindOp.evaluateSequential(FindOps.java:150)
at java.base/java.util.stream.AbstractPipeline.evaluate(AbstractPipeline.java:234)
at java.base/java.util.stream.ReferencePipeline.findFirst(ReferencePipeline.java:543)
at org.openqa.selenium.remote.ProtocolHandshake.createSession(ProtocolHandshake.java:128)
at org.openqa.selenium.remote.ProtocolHandshake.createSession(ProtocolHandshake.java:74)
at org.openqa.selenium.remote.HttpCommandExecutor.execute(HttpCommandExecutor.java:136)
at org.openqa.selenium.remote.service.DriverCommandExecutor.execute(DriverCommandExecutor.java:83)
at org.openqa.selenium.remote.RemoteWebDriver.execute(RemoteWebDriver.java:552)
at org.openqa.selenium.remote.RemoteWebDriver.startSession(RemoteWebDriver.java:213)
at org.openqa.selenium.remote.RemoteWebDriver.<init>(RemoteWebDriver.java:131)
at org.openqa.selenium.chrome.ChromeDriver.<init>(ChromeDriver.java:181)
at org.openqa.selenium.chrome.ChromeDriver.<init>(ChromeDriver.java:168)
at org.openqa.selenium.chrome.ChromeDriver.<init>(ChromeDriver.java:123)
at datadriven.seleniumrepository.SeleniumRepo.startBrowser(SeleniumRepo.java:111)
at datadriven.testscript.TC003_SampleScript.BeforeTest(TC003_SampleScript.java:77)
at java.base/jdk.internal.reflect.NativeMethodAccessorImpl.invoke0(Native Method)
at java.base/jdk.internal.reflect.NativeMethodAccessorImpl.invoke(NativeMethodAccessorImpl.java:62)
at java.base/jdk.internal.reflect.DelegatingMethodAccessorImpl.invoke(DelegatingMethodAccessorImpl.java:43)
at java.base/java.lang.reflect.Method.invoke(Method.java:566)
at org.testng.internal.MethodInvocationHelper.invokeMethod(MethodInvocationHelper.java:133)
at org.testng.internal.MethodInvocationHelper.invokeMethodConsideringTimeout(MethodInvocationHelper.java:62)
at org.testng.internal.ConfigInvoker.invokeConfigurationMethod(ConfigInvoker.java:385)
at org.testng.internal.ConfigInvoker.invokeConfigurations(ConfigInvoker.java:321)
at org.testng.internal.TestInvoker.runConfigMethods(TestInvoker.java:700)
at org.testng.internal.TestInvoker.invokeMethod(TestInvoker.java:527)
at org.testng.internal.TestInvoker.invokeTestMethod(TestInvoker.java:173)
at org.testng.internal.MethodRunner.runInSequence(MethodRunner.java:46)
at org.testng.internal.TestInvoker$MethodInvocationAgent.invoke(TestInvoker.java:824)
at org.testng.internal.TestInvoker.invokeTestMethods(TestInvoker.java:146)
at org.testng.internal.TestMethodWorker.invokeTestMethods(TestMethodWorker.java:146)
at org.testng.internal.TestMethodWorker.run(TestMethodWorker.java:128)
at java.base/java.util.ArrayList.forEach(ArrayList.java:1541)
at org.testng.TestRunner.privateRun(TestRunner.java:794)
at org.testng.TestRunner.run(TestRunner.java:596)
at org.testng.SuiteRunner.runTest(SuiteRunner.java:377)
at org.testng.SuiteRunner.runSequentially(SuiteRunner.java:371)
at org.testng.SuiteRunner.privateRun(SuiteRunner.java:332)
at org.testng.SuiteRunner.run(SuiteRunner.java:276)
at org.testng.SuiteRunnerWorker.runSuite(SuiteRunnerWorker.java:53)
at org.testng.SuiteRunnerWorker.run(SuiteRunnerWorker.java:96)
at org.testng.TestNG.runSuitesSequentially(TestNG.java:1212)
at org.testng.TestNG.runSuitesLocally(TestNG.java:1134)
at org.testng.TestNG.runSuites(TestNG.java:1063)
at org.testng.TestNG.run(TestNG.java:1031)
at org.testng.remote.AbstractRemoteTestNG.run(AbstractRemoteTestNG.java:115)
at org.testng.remote.RemoteTestNG.initAndRun(RemoteTestNG.java:251)
at org.testng.remote.RemoteTestNG.main(RemoteTestNG.java:77)
]]>
            </full-stacktrace>
          </exception> <!-- org.openqa.selenium.SessionNotCreatedException -->
          <reporter-output>
          </reporter-output>
        </test-method> <!-- ValidationTest -->
      </class> <!-- datadriven.testscript.TC003_SampleScript -->
    </test> <!-- Test -->
  </suite> <!-- Suite -->
</testng-results>
